#
# There is insufficient memory for the Java Runtime Environment to continue.
# Native memory allocation (mmap) failed to map 65536 bytes for Failed to commit metaspace.
# Possible reasons:
#   The system is out of physical RAM or swap space
#   The process is running with CompressedOops enabled, and the Java Heap may be blocking the growth of the native heap
# Possible solutions:
#   Reduce memory load on the system
#   Increase physical memory or swap space
#   Check if swap backing store is full
#   Decrease Java heap size (-Xmx/-Xms)
#   Decrease number of Java threads
#   Decrease Java thread stack sizes (-Xss)
#   Set larger code cache with -XX:ReservedCodeCacheSize=
#   JVM is running with Unscaled Compressed Oops mode in which the Java heap is
#     placed in the first 4GB address space. The Java Heap base address is the
#     maximum limit for the native heap growth. Please use -XX:HeapBaseMinAddress
#     to set the Java Heap base and to place the Java Heap above 4GB virtual address.
# This output file may be truncated or incomplete.
#
#  Out of Memory Error (virtualSpaceNode.cpp:112), pid=17504, tid=8860
#
# JRE version: Java(TM) SE Runtime Environment (21.0.8+12) (build 21.0.8+12-LTS-250)
# Java VM: Java HotSpot(TM) 64-Bit Server VM (21.0.8+12-LTS-250, mixed mode, emulated-client, tiered, compressed oops, compressed class ptrs, g1 gc, windows-amd64)
# No core dump will be written. Minidumps are not enabled by default on client versions of Windows
#

---------------  S U M M A R Y ------------

Command Line: -XX:TieredStopAtLevel=1 com.example.anomalyapi.AnomalyApiApplication

Host: Intel(R) Core(TM) i5-7200U CPU @ 2.50GHz, 4 cores, 7G,  Windows 10 , 64 bit Build 19041 (10.0.19041.5915)
Time: Wed Sep 10 22:09:13 2025 GTB Daylight Time elapsed time: 1.239972 seconds (0d 0h 0m 1s)

---------------  T H R E A D  ---------------

Current thread (0x000001e6bca63890):  JavaThread "main"             [_thread_in_vm, id=8860, stack(0x00000002e9a00000,0x00000002e9b00000) (1024K)]

Stack: [0x00000002e9a00000,0x00000002e9b00000]
Native frames: (J=compiled Java code, j=interpreted, Vv=VM code, C=native code)
V  [jvm.dll+0x6cc179]
V  [jvm.dll+0x8584c1]
V  [jvm.dll+0x85a9ee]
V  [jvm.dll+0x85b0c3]
V  [jvm.dll+0x27ebf6]
V  [jvm.dll+0x8540de]
V  [jvm.dll+0x66fdb5]
V  [jvm.dll+0x1e4c4c]
V  [jvm.dll+0x1e4a1e]
V  [jvm.dll+0x6726e3]
V  [jvm.dll+0x672502]
V  [jvm.dll+0x67078e]
V  [jvm.dll+0x3becef]
V  [jvm.dll+0x20db8b]
V  [jvm.dll+0x5aed16]
V  [jvm.dll+0x7d271d]
V  [jvm.dll+0x472df2]
V  [jvm.dll+0x486186]
C  [java.dll+0x1657]

Java frames: (J=compiled Java code, j=interpreted, Vv=VM code)
J 965  java.lang.ClassLoader.defineClass0(Ljava/lang/ClassLoader;Ljava/lang/Class;Ljava/lang/String;[BIILjava/security/ProtectionDomain;ZILjava/lang/Object;)Ljava/lang/Class; java.base@21.0.8 (0 bytes) @ 0x000001e6c52aa834 [0x000001e6c52aa740+0x00000000000000f4]
j  java.lang.System$2.defineClass(Ljava/lang/ClassLoader;Ljava/lang/Class;Ljava/lang/String;[BLjava/security/ProtectionDomain;ZILjava/lang/Object;)Ljava/lang/Class;+17 java.base@21.0.8
j  java.lang.invoke.MethodHandles$Lookup$ClassDefiner.defineClass(ZLjava/lang/Object;)Ljava/lang/Class;+57 java.base@21.0.8
j  java.lang.invoke.InvokerBytecodeGenerator.loadMethod([B)Ljava/lang/invoke/MemberName;+22 java.base@21.0.8
j  java.lang.invoke.InvokerBytecodeGenerator.generateCustomizedCode(Ljava/lang/invoke/LambdaForm;Ljava/lang/invoke/MethodType;)Ljava/lang/invoke/MemberName;+30 java.base@21.0.8
j  java.lang.invoke.LambdaForm.compileToBytecode()V+69 java.base@21.0.8
j  java.lang.invoke.DirectMethodHandle.makePreparedLambdaForm(Ljava/lang/invoke/MethodType;I)Ljava/lang/invoke/LambdaForm;+750 java.base@21.0.8
J 1031 c1 java.lang.invoke.DirectMethodHandle.preparedLambdaForm(Ljava/lang/invoke/MemberName;Z)Ljava/lang/invoke/LambdaForm; java.base@21.0.8 (244 bytes) @ 0x000001e6c52c2494 [0x000001e6c52c2200+0x0000000000000294]
j  java.lang.invoke.DirectMethodHandle.make(BLjava/lang/Class;Ljava/lang/invoke/MemberName;Ljava/lang/Class;)Ljava/lang/invoke/DirectMethodHandle;+140 java.base@21.0.8
j  java.lang.invoke.MethodHandles$Lookup.getDirectMethodCommon(BLjava/lang/Class;Ljava/lang/invoke/MemberName;ZZLjava/lang/invoke/MethodHandles$Lookup;)Ljava/lang/invoke/MethodHandle;+220 java.base@21.0.8
j  java.lang.invoke.MethodHandles$Lookup.getDirectMethodNoSecurityManager(BLjava/lang/Class;Ljava/lang/invoke/MemberName;Ljava/lang/invoke/MethodHandles$Lookup;)Ljava/lang/invoke/MethodHandle;+14 java.base@21.0.8
j  java.lang.invoke.MethodHandles$Lookup.getDirectMethodForConstant(BLjava/lang/Class;Ljava/lang/invoke/MemberName;)Ljava/lang/invoke/MethodHandle;+31 java.base@21.0.8
j  java.lang.invoke.MethodHandles$Lookup.linkMethodHandleConstant(BLjava/lang/Class;Ljava/lang/String;Ljava/lang/Object;)Ljava/lang/invoke/MethodHandle;+153 java.base@21.0.8
j  java.lang.invoke.MethodHandleNatives.linkMethodHandleConstant(Ljava/lang/Class;ILjava/lang/Class;Ljava/lang/String;Ljava/lang/Object;)Ljava/lang/invoke/MethodHandle;+38 java.base@21.0.8
v  ~StubRoutines::call_stub 0x000001e6c4f0100d
j  java.util.function.BiPredicate.or(Ljava/util/function/BiPredicate;)Ljava/util/function/BiPredicate;+7 java.base@21.0.8
j  org.springframework.boot.context.properties.source.SpringIterableConfigurationPropertySource.getAncestorOfCheck([Lorg/springframework/boot/context/properties/source/PropertyMapper;)Ljava/util/function/BiPredicate;+26
j  org.springframework.boot.context.properties.source.SpringIterableConfigurationPropertySource.<init>(Lorg/springframework/core/env/EnumerablePropertySource;Z[Lorg/springframework/boot/context/properties/source/PropertyMapper;)V+20
j  org.springframework.boot.context.properties.source.SpringConfigurationPropertySource.from(Lorg/springframework/core/env/PropertySource;)Lorg/springframework/boot/context/properties/source/SpringConfigurationPropertySource;+55
j  org.springframework.boot.context.properties.source.SpringConfigurationPropertySources.adapt(Lorg/springframework/core/env/PropertySource;)Lorg/springframework/boot/context/properties/source/ConfigurationPropertySource;+31
j  org.springframework.boot.context.properties.source.SpringConfigurationPropertySources$$Lambda+0x000000010013cbd8.apply(Ljava/lang/Object;)Ljava/lang/Object;+8
j  org.springframework.boot.context.properties.source.SpringConfigurationPropertySources$SourcesIterator.fetchNext()Lorg/springframework/boot/context/properties/source/ConfigurationPropertySource;+123
j  org.springframework.boot.context.properties.source.SpringConfigurationPropertySources$SourcesIterator.hasNext()Z+1
j  org.springframework.boot.context.properties.source.ConfigurationPropertySourcesPropertySource.findConfigurationProperty(Lorg/springframework/boot/context/properties/source/ConfigurationPropertyName;)Lorg/springframework/boot/context/properties/source/ConfigurationProperty;+20
j  org.springframework.boot.context.properties.source.ConfigurationPropertySourcesPropertyResolver.findPropertyValue(Ljava/lang/String;)Ljava/lang/Object;+21
j  org.springframework.boot.context.properties.source.ConfigurationPropertySourcesPropertyResolver.getProperty(Ljava/lang/String;Ljava/lang/Class;Z)Ljava/lang/Object;+2
j  org.springframework.boot.context.properties.source.ConfigurationPropertySourcesPropertyResolver.getProperty(Ljava/lang/String;)Ljava/lang/String;+5
j  org.springframework.core.env.AbstractEnvironment.getProperty(Ljava/lang/String;)Ljava/lang/String;+5
j  org.springframework.boot.cloud.CloudPlatform.isActive(Lorg/springframework/core/env/Environment;)Z+3
j  org.springframework.boot.cloud.CloudFoundryVcapEnvironmentPostProcessor.postProcessEnvironment(Lorg/springframework/core/env/ConfigurableEnvironment;Lorg/springframework/boot/SpringApplication;)V+4
j  org.springframework.boot.env.EnvironmentPostProcessorApplicationListener.onApplicationEnvironmentPreparedEvent(Lorg/springframework/boot/context/event/ApplicationEnvironmentPreparedEvent;)V+66
j  org.springframework.boot.env.EnvironmentPostProcessorApplicationListener.onApplicationEvent(Lorg/springframework/context/ApplicationEvent;)V+14
j  org.springframework.context.event.SimpleApplicationEventMulticaster.doInvokeListener(Lorg/springframework/context/ApplicationListener;Lorg/springframework/context/ApplicationEvent;)V+2
j  org.springframework.context.event.SimpleApplicationEventMulticaster.invokeListener(Lorg/springframework/context/ApplicationListener;Lorg/springframework/context/ApplicationEvent;)V+34
j  org.springframework.context.event.SimpleApplicationEventMulticaster.multicastEvent(Lorg/springframework/context/ApplicationEvent;Lorg/springframework/core/ResolvableType;)V+104
j  org.springframework.context.event.SimpleApplicationEventMulticaster.multicastEvent(Lorg/springframework/context/ApplicationEvent;)V+3
j  org.springframework.boot.context.event.EventPublishingRunListener.multicastInitialEvent(Lorg/springframework/context/ApplicationEvent;)V+9
j  org.springframework.boot.context.event.EventPublishingRunListener.environmentPrepared(Lorg/springframework/boot/ConfigurableBootstrapContext;Lorg/springframework/core/env/ConfigurableEnvironment;)V+18
j  org.springframework.boot.SpringApplicationRunListeners.lambda$environmentPrepared$2(Lorg/springframework/boot/ConfigurableBootstrapContext;Lorg/springframework/core/env/ConfigurableEnvironment;Lorg/springframework/boot/SpringApplicationRunListener;)V+3
j  org.springframework.boot.SpringApplicationRunListeners$$Lambda+0x00000001001345a0.accept(Ljava/lang/Object;)V+12
j  java.lang.Iterable.forEach(Ljava/util/function/Consumer;)V+30 java.base@21.0.8
j  org.springframework.boot.SpringApplicationRunListeners.doWithListeners(Ljava/lang/String;Ljava/util/function/Consumer;Ljava/util/function/Consumer;)V+17
j  org.springframework.boot.SpringApplicationRunListeners.doWithListeners(Ljava/lang/String;Ljava/util/function/Consumer;)V+4
j  org.springframework.boot.SpringApplicationRunListeners.environmentPrepared(Lorg/springframework/boot/ConfigurableBootstrapContext;Lorg/springframework/core/env/ConfigurableEnvironment;)V+10
j  org.springframework.boot.SpringApplication.prepareEnvironment(Lorg/springframework/boot/SpringApplicationRunListeners;Lorg/springframework/boot/DefaultBootstrapContext;Lorg/springframework/boot/ApplicationArguments;)Lorg/springframework/core/env/ConfigurableEnvironment;+27
j  org.springframework.boot.SpringApplication.run([Ljava/lang/String;)Lorg/springframework/context/ConfigurableApplicationContext;+65
j  org.springframework.boot.SpringApplication.run([Ljava/lang/Class;[Ljava/lang/String;)Lorg/springframework/context/ConfigurableApplicationContext;+9
j  org.springframework.boot.SpringApplication.run(Ljava/lang/Class;[Ljava/lang/String;)Lorg/springframework/context/ConfigurableApplicationContext;+9
j  com.example.anomalyapi.AnomalyApiApplication.main([Ljava/lang/String;)V+3
v  ~StubRoutines::call_stub 0x000001e6c4f0100d

Compiled method (n/a)    1275  965     n 0       java.lang.ClassLoader::defineClass0 (native)
 total in heap  [0x000001e6c52aa590,0x000001e6c52aac18] = 1672
 relocation     [0x000001e6c52aa6f0,0x000001e6c52aa728] = 56
 main code      [0x000001e6c52aa740,0x000001e6c52aac12] = 1234
 stub code      [0x000001e6c52aac12,0x000001e6c52aac18] = 6

[Constant Pool (empty)]

[MachCode]
[Entry Point]
  # {method} {0x000001e6cd027420} 'defineClass0' '(Ljava/lang/ClassLoader;Ljava/lang/Class;Ljava/lang/String;[BIILjava/security/ProtectionDomain;ZILjava/lang/Object;)Ljava/lang/Class;' in 'java/lang/ClassLoader'
  # parm0:    rdx:rdx   = 'java/lang/ClassLoader'
  # parm1:    r8:r8     = 'java/lang/Class'
  # parm2:    r9:r9     = 'java/lang/String'
  # parm3:    rdi:rdi   = '[B'
  # parm4:    rsi       = int
  # parm5:    rcx       = int
  # parm6:    [sp+0xb0]   = 'java/security/ProtectionDomain'  (sp of caller)
  # parm7:    [sp+0xb8]   = boolean
  # parm8:    [sp+0xc0]   = int
  # parm9:    [sp+0xc8]   = 'java/lang/Object'
  0x000001e6c52aa740: 448b 5208 | 49c1 e203 | 493b c20f | 8407 0000 

  0x000001e6c52aa750: ;   {runtime_call ic_miss_stub}
  0x000001e6c52aa750: 00e9 2a40 | caff 6690 
[Verified Entry Point]
  0x000001e6c52aa758: 8984 2400 | 80ff ff55 | 488b ec48 | 81ec a000 | 0000 6690 | 4181 7f20 | 0100 0000 

  0x000001e6c52aa774: ;   {runtime_call StubRoutines (final stubs)}
  0x000001e6c52aa774: 7405 e8a5 | a5c8 ff48 | 837d 2800 | 488d 4528 | 480f 4445 | 2848 8944 | 2458 4863 | 4520 4889 
  0x000001e6c52aa794: 4424 5048 | 6345 1848 | 8944 2448 | 4883 7d10 | 0048 8d45 | 1048 0f44 | 4510 4889 | 4424 4048 
  0x000001e6c52aa7b4: 894c 2438 | 4889 7424 | 3048 897c | 2478 4883 | ff00 488d | 4424 7848 | 0f44 4424 | 7848 8944 
  0x000001e6c52aa7d4: 2428 4c89 | 4c24 7049 | 83f9 0048 | 8d44 2470 | 480f 4444 | 2470 4889 | 4424 204c | 8944 2468 
  0x000001e6c52aa7f4: 4983 f800 | 4c8d 4c24 | 684c 0f44 | 4c24 6848 | 8954 2460 | 4883 fa00 | 4c8d 4424 | 604c 0f44 
  0x000001e6c52aa814: ;   {oop(a 'java/lang/Class'{0x000000008863c888} = 'java/lang/ClassLoader')}
  0x000001e6c52aa814: 4424 6049 | be88 c863 | 8800 0000 | 004c 89b4 | 2490 0000 | 004c 8db4 | 2490 0000 | 0049 8bd6 
  0x000001e6c52aa834: ;   {internal_word}
  0x000001e6c52aa834: c5f8 7749 | ba34 a82a | c5e6 0100 | 004d 8997 | a003 0000 | 4989 a798 

  0x000001e6c52aa84c: ;   {external_word}
  0x000001e6c52aa84c: 0300 0049 | ba20 8818 | dcf8 7f00 | 0041 803a | 000f 844e | 0000 0052 | 4150 4151 

  0x000001e6c52aa868: ;   {metadata({method} {0x000001e6cd027420} 'defineClass0' '(Ljava/lang/ClassLoader;Ljava/lang/Class;Ljava/lang/String;[BIILjava/security/ProtectionDomain;ZILjava/lang/Object;)Ljava/lang/Class;' in 'java/lang/ClassLoader')}
  0x000001e6c52aa868: 48ba 1874 | 02cd e601 | 0000 498b | cf48 83ec | 2040 f6c4 | 0f0f 8419 | 0000 0048 

  0x000001e6c52aa884: ;   {runtime_call}
  0x000001e6c52aa884: 83ec 0848 | b880 20c9 | dbf8 7f00 | 00ff d048 | 83c4 08e9 | 0c00 0000 

  0x000001e6c52aa89c: ;   {runtime_call}
  0x000001e6c52aa89c: 48b8 8020 | c9db f87f | 0000 ffd0 | 4883 c420 | 4159 4158 | 5a49 8d8f | b803 0000 | 41c7 8744 
  0x000001e6c52aa8bc: 0400 0004 

  0x000001e6c52aa8c0: ;   {runtime_call}
  0x000001e6c52aa8c0: 0000 0048 | b81c 15a8 | 1cf9 7f00 | 00ff d0c5 | f877 41c7 | 8744 0400 | 0005 0000 | 00f0 8344 
  0x000001e6c52aa8e0: 24c0 0049 | 3baf 4804 | 0000 0f87 | 0e00 0000 | 4183 bf40 | 0400 0000 | 0f84 2b00 | 0000 c5f8 
  0x000001e6c52aa900: 7748 8945 | f849 8bcf | 4c8b e448 | 83ec 2048 

  0x000001e6c52aa910: ;   {runtime_call}
  0x000001e6c52aa910: 83e4 f048 | b870 cc94 | dbf8 7f00 | 00ff d049 | 8be4 4d33 | e448 8b45 | f841 c787 | 4404 0000 
  0x000001e6c52aa930: 0800 0000 | 4183 bfc0 | 0400 0002 | 0f84 a302 

  0x000001e6c52aa940: ;   {external_word}
  0x000001e6c52aa940: 0000 49ba | 2088 18dc | f87f 0000 | 4180 3a00 | 0f84 4c00 | 0000 4889 

  0x000001e6c52aa958: ;   {metadata({method} {0x000001e6cd027420} 'defineClass0' '(Ljava/lang/ClassLoader;Ljava/lang/Class;Ljava/lang/String;[BIILjava/security/ProtectionDomain;ZILjava/lang/Object;)Ljava/lang/Class;' in 'java/lang/ClassLoader')}
  0x000001e6c52aa958: 45f8 48ba | 1874 02cd | e601 0000 | 498b cf48 | 83ec 2040 | f6c4 0f0f | 8419 0000 | 0048 83ec 
  0x000001e6c52aa978: ;   {runtime_call}
  0x000001e6c52aa978: 0848 b880 | 20c9 dbf8 | 7f00 00ff | d048 83c4 | 08e9 0c00 

  0x000001e6c52aa98c: ;   {runtime_call}
  0x000001e6c52aa98c: 0000 48b8 | 8020 c9db | f87f 0000 | ffd0 4883 | c420 488b | 45f8 49c7 | 8798 0300 | 0000 0000 
  0x000001e6c52aa9ac: 0049 c787 | a003 0000 | 0000 0000 | c5f8 7748 | 85c0 0f84 | fe01 0000 | a803 0f85 | 0800 0000 
  0x000001e6c52aa9cc: 488b 00e9 | ee01 0000 | a801 0f85 | 0900 0000 | 488b 40fe | e9dd 0100 | 0048 8b40 | ff41 807f 
  0x000001e6c52aa9ec: 4000 0f84 | ce01 0000 | 4883 f800 | 0f84 c401 | 0000 498b | 4f28 4883 | f900 0f84 | 1400 0000 
  0x000001e6c52aaa0c: 4883 e908 | 4989 4f28 | 4903 4f38 | 4889 01e9 | a201 0000 | 4881 ecd0 | 0000 0048 | 8904 2448 
  0x000001e6c52aaa2c: 894c 2408 | 4889 5424 | 1048 8974 | 2418 4889 | 7c24 204c | 8944 2428 | 4c89 4c24 | 304c 8954 
  0x000001e6c52aaa4c: 2438 4c89 | 5c24 40c5 | fb11 4424 | 50c5 fb11 | 4c24 58c5 | fb11 5424 | 60c5 fb11 | 5c24 68c5 
  0x000001e6c52aaa6c: fb11 6424 | 70c5 fb11 | 6c24 78c5 | fb11 b424 | 8000 0000 | c5fb 11bc | 2488 0000 | 00c5 7b11 
  0x000001e6c52aaa8c: ;   {no_reloc}
  0x000001e6c52aaa8c: 8424 9000 | 0000 c57b | 118c 2498 | 0000 00c5 | 7b11 9424 | a000 0000 | c57b 119c | 24a8 0000 
  0x000001e6c52aaaac: 00c5 7b11 | a424 b000 | 0000 c57b | 11ac 24b8 | 0000 00c5 | 7b11 b424 | c000 0000 | c57b 11bc 
  0x000001e6c52aaacc: 24c8 0000 | 0049 8bd7 | 488b c848 | 83ec 2040 | f6c4 0f0f | 8419 0000 | 0048 83ec 

  0x000001e6c52aaae8: ;   {runtime_call}
  0x000001e6c52aaae8: 0848 b8e0 | 0288 dbf8 | 7f00 00ff | d048 83c4 | 08e9 0c00 

  0x000001e6c52aaafc: ;   {runtime_call}
  0x000001e6c52aaafc: 0000 48b8 | e002 88db | f87f 0000 | ffd0 4883 | c420 c57b | 10bc 24c8 | 0000 00c5 | 7b10 b424 
  0x000001e6c52aab1c: c000 0000 | c57b 10ac | 24b8 0000 | 00c5 7b10 | a424 b000 | 0000 c57b | 109c 24a8 | 0000 00c5 
  0x000001e6c52aab3c: 7b10 9424 | a000 0000 | c57b 108c | 2498 0000 | 00c5 7b10 | 8424 9000 | 0000 c5fb | 10bc 2488 
  0x000001e6c52aab5c: 0000 00c5 | fb10 b424 | 8000 0000 | c5fb 106c | 2478 c5fb | 1064 2470 | c5fb 105c | 2468 c5fb 
  0x000001e6c52aab7c: 1054 2460 | c5fb 104c | 2458 c5fb | 1044 2450 | 4c8b 5c24 | 404c 8b54 | 2438 4c8b | 4c24 304c 
  0x000001e6c52aab9c: 8b44 2428 | 488b 7c24 | 2048 8b74 | 2418 488b | 5424 1048 | 8b4c 2408 | 488b 0424 | 4881 c4d0 
  0x000001e6c52aabbc: 0000 00c5 | f877 498b | 8f28 0400 | 00c7 8100 | 0100 0000 | 0000 00c9 | 4983 7f08 | 000f 8501 
  0x000001e6c52aabdc: 0000 00c3 

  0x000001e6c52aabe0: ;   {runtime_call StubRoutines (initial stubs)}
  0x000001e6c52aabe0: e91b 63c5 | ffc5 f877 | 4889 45f8 | 4c8b e448 | 83ec 2048 

  0x000001e6c52aabf4: ;   {runtime_call}
  0x000001e6c52aabf4: 83e4 f048 | b830 58c9 | dbf8 7f00 | 00ff d049 | 8be4 4d33 | e448 8b45 | f8e9 30fd | ffff f4f4 
  0x000001e6c52aac14: f4f4 f4f4 
[/MachCode]


Compiled method (c1)    1294 1031       1       java.lang.invoke.DirectMethodHandle::preparedLambdaForm (244 bytes)
 total in heap  [0x000001e6c52c1f90,0x000001e6c52c2c10] = 3200
 relocation     [0x000001e6c52c20f0,0x000001e6c52c21e8] = 248
 main code      [0x000001e6c52c2200,0x000001e6c52c26a8] = 1192
 stub code      [0x000001e6c52c26a8,0x000001e6c52c2778] = 208
 metadata       [0x000001e6c52c2778,0x000001e6c52c27c0] = 72
 scopes data    [0x000001e6c52c27c0,0x000001e6c52c2960] = 416
 scopes pcs     [0x000001e6c52c2960,0x000001e6c52c2b80] = 544
 dependencies   [0x000001e6c52c2b80,0x000001e6c52c2b90] = 16
 nul chk table  [0x000001e6c52c2b90,0x000001e6c52c2c10] = 128

[Constant Pool (empty)]

[MachCode]
[Verified Entry Point]
  # {method} {0x000001e6cd098890} 'preparedLambdaForm' '(Ljava/lang/invoke/MemberName;Z)Ljava/lang/invoke/LambdaForm;' in 'java/lang/invoke/DirectMethodHandle'
  # parm0:    rdx:rdx   = 'java/lang/invoke/MemberName'
  # parm1:    r8        = boolean
  #           [sp+0xc0]  (sp of caller)
  0x000001e6c52c2200: 8984 2400 | 80ff ff55 | 4881 ecb0 | 0000 0090 | 4181 7f20 | 0100 0000 

  0x000001e6c52c2218: ;   {runtime_call StubRoutines (final stubs)}
  0x000001e6c52c2218: 7405 e801 | 2bc7 ff48 | 8954 2470 | 4489 4424 | 7848 3b02 | 488b f248 | 8bd6 0f1f 

  0x000001e6c52c2234: ;   {optimized virtual_call}
  0x000001e6c52c2234: 4400 00e8 

  0x000001e6c52c2238: ; ImmutableOopMap {[112]=Oop }
                      ;*invokevirtual getInvocationType {reexecute=0 rethrow=0 return_oop=0}
                      ; - java.lang.invoke.DirectMethodHandle::preparedLambdaForm@23 (line 193)
  0x000001e6c52c2238: 64f8 f8ff 

  0x000001e6c52c223c: ;   {other}
  0x000001e6c52c223c: 0f1f 8400 | ac02 0000 

  0x000001e6c52c2244: ; implicit exception: dispatches to 0x000001e6c52c25e6
  0x000001e6c52c2244: 8b50 148b | 7214 4889 | b424 8000 | 0000 488b | 5424 708b | 7a0c c1ef | 1883 e70f | c1e7 18c1 
  0x000001e6c52c2264: ff18 83ff | 050f 844c | 0000 0083 | ff06 0f84 | 3900 0000 | 83ff 070f | 8426 0000 | 0083 ff08 
  0x000001e6c52c2284: 0f84 1300 | 0000 83ff | 090f 85b2 | 0200 00bf | 0400 0000 | e923 0000 | 00bf 0300 | 0000 e919 
  0x000001e6c52c22a4: 0000 00bf | 0200 0000 | e90f 0000 | 00bf 0100 | 0000 e905 | 0000 00bf | 0000 0000 | 83ff 010f 
  0x000001e6c52c22c4: 8503 0100 | 0089 7c24 | 7c48 8bda | 488b d30f 

  0x000001e6c52c22d4: ;   {static_call}
  0x000001e6c52c22d4: 1f40 00e8 

  0x000001e6c52c22d8: ; ImmutableOopMap {[112]=Oop [128]=Oop }
                      ;*invokestatic shouldBeInitialized {reexecute=0 rethrow=0 return_oop=0}
                      ; - java.lang.invoke.DirectMethodHandle::preparedLambdaForm@131 (line 208)
  0x000001e6c52c22d8: 5b04 0000 

  0x000001e6c52c22dc: ;   {other}
  0x000001e6c52c22dc: 0f1f 8400 | 4c03 0001 | 85c0 8b7c | 247c 0f84 | dc00 0000 | 488b b424 | 8000 0000 

  0x000001e6c52c22f8: ; implicit exception: dispatches to 0x000001e6c52c25f0
  0x000001e6c52c22f8: 8b56 148b | 521c 8b5a | 0c3b df0f | 86f6 0200 | 0048 63df | 8b54 9a10 | 4885 d289 | 7c24 7c0f 
  0x000001e6c52c2318: 8448 0000 | 0048 3b02 | 0f1f 8000 

  0x000001e6c52c2324: ;   {optimized virtual_call}
  0x000001e6c52c2324: 0000 00e8 

  0x000001e6c52c2328: ; ImmutableOopMap {[112]=Oop [128]=Oop }
                      ;*invokevirtual get {reexecute=0 rethrow=0 return_oop=0}
                      ; - java.lang.invoke.MethodTypeForm::cachedLambdaForm@12 (line 132)
                      ; - java.lang.invoke.DirectMethodHandle::preparedLambdaForm@5 (line 229)
                      ; - java.lang.invoke.DirectMethodHandle::preparedLambdaForm@139 (line 210)
  0x000001e6c52c2328: 949f f7ff 

  0x000001e6c52c232c: ;   {other}
  0x000001e6c52c232c: 0f1f 8400 | 9c03 0002 | 4885 c00f | 8420 0000 

  0x000001e6c52c233c: ;   {metadata('java/lang/invoke/LambdaForm')}
  0x000001e6c52c233c: 0048 bff0 | e604 0001 | 0000 0044 | 8b40 0849 | c1e0 0349 | 3bf8 0f85 | ba02 0000 | e900 0000 
  0x000001e6c52c235c: 0048 8bd0 | e90a 0000 

  0x000001e6c52c2364: ;   {oop(nullptr)}
  0x000001e6c52c2364: 0048 ba00 | 0000 0000 | 0000 0048 | 85d2 0f85 | 4f00 0000 | 8b7c 247c | 488b b424 | 8000 0000 
  0x000001e6c52c2384: 488b d64c | 8bc7 897c 

  0x000001e6c52c238c: ;   {static_call}
  0x000001e6c52c238c: 247c 90e8 

  0x000001e6c52c2390: ; ImmutableOopMap {[112]=Oop [128]=Oop }
                      ;*invokestatic makePreparedLambdaForm {reexecute=0 rethrow=0 return_oop=0}
                      ; - java.lang.invoke.DirectMethodHandle::preparedLambdaForm@17 (line 231)
                      ; - java.lang.invoke.DirectMethodHandle::preparedLambdaForm@139 (line 210)
  0x000001e6c52c2390: 5803 0000 

  0x000001e6c52c2394: ;   {other}
  0x000001e6c52c2394: 0f1f 8400 | 0404 0003 | 488b b424 | 8000 0000 | 8b56 1448 | 3b02 448b | 4424 7c4c | 8bc8 0f1f 
  0x000001e6c52c23b4: ;   {optimized virtual_call}
  0x000001e6c52c23b4: 4400 00e8 

  0x000001e6c52c23b8: ; ImmutableOopMap {[112]=Oop [128]=Oop }
                      ;*invokevirtual setCachedLambdaForm {reexecute=0 rethrow=0 return_oop=0}
                      ; - java.lang.invoke.DirectMethodHandle::preparedLambdaForm@27 (line 232)
                      ; - java.lang.invoke.DirectMethodHandle::preparedLambdaForm@139 (line 210)
  0x000001e6c52c23b8: 3f03 0000 

  0x000001e6c52c23bc: ;   {other}
  0x000001e6c52c23bc: 0f1f 8400 | 2c04 0004 | 488b d0bf | 0500 0000 | 83ff 020f | 8513 0000 | 0044 8b44 | 2478 4585 
  0x000001e6c52c23dc: c00f 8405 | 0000 00bf | 1400 0000 | 488b b424 | 8000 0000 

  0x000001e6c52c23f0: ; implicit exception: dispatches to 0x000001e6c52c2620
  0x000001e6c52c23f0: 8b56 148b | 521c 8b5a | 0c3b df0f | 862e 0200 | 0048 63df | 8b54 9a10 | 4885 d289 | bc24 8800 
  0x000001e6c52c2410: 0000 0f84 | 4500 0000 

  0x000001e6c52c2418: ; implicit exception: dispatches to 0x000001e6c52c263d
  0x000001e6c52c2418: 483b 020f 

  0x000001e6c52c241c: ;   {optimized virtual_call}
  0x000001e6c52c241c: 1f40 00e8 

  0x000001e6c52c2420: ; ImmutableOopMap {[112]=Oop [128]=Oop }
                      ;*invokevirtual get {reexecute=0 rethrow=0 return_oop=0}
                      ; - java.lang.invoke.MethodTypeForm::cachedLambdaForm@12 (line 132)
                      ; - java.lang.invoke.DirectMethodHandle::preparedLambdaForm@5 (line 229)
                      ; - java.lang.invoke.DirectMethodHandle::preparedLambdaForm@159 (line 216)
  0x000001e6c52c2420: 9c9e f7ff 

  0x000001e6c52c2424: ;   {other}
  0x000001e6c52c2424: 0f1f 8400 | 9404 0005 | 4885 c00f | 8420 0000 

  0x000001e6c52c2434: ;   {metadata('java/lang/invoke/LambdaForm')}
  0x000001e6c52c2434: 0048 bff0 | e604 0001 | 0000 0044 | 8b40 0849 | c1e0 0349 | 3bf8 0f85 | f201 0000 | e900 0000 
  0x000001e6c52c2454: 0048 8bd0 | e90a 0000 

  0x000001e6c52c245c: ;   {oop(nullptr)}
  0x000001e6c52c245c: 0048 ba00 | 0000 0000 | 0000 0048 | 85d2 0f85 | 5700 0000 | 8bbc 2488 | 0000 0048 | 8bb4 2480 
  0x000001e6c52c247c: 0000 0048 | 8bd6 4c8b | c789 bc24 | 8800 0000 

  0x000001e6c52c248c: ;   {static_call}
  0x000001e6c52c248c: 6666 90e8 

  0x000001e6c52c2490: ; ImmutableOopMap {[112]=Oop [128]=Oop }
                      ;*invokestatic makePreparedLambdaForm {reexecute=0 rethrow=0 return_oop=0}
                      ; - java.lang.invoke.DirectMethodHandle::preparedLambdaForm@17 (line 231)
                      ; - java.lang.invoke.DirectMethodHandle::preparedLambdaForm@159 (line 216)
  0x000001e6c52c2490: 5802 0000 

  0x000001e6c52c2494: ;   {other}
  0x000001e6c52c2494: 0f1f 8400 | 0405 0006 | 488b b424 | 8000 0000 | 8b56 1448 | 3b02 448b | 8424 8800 | 0000 4c8b 
  0x000001e6c52c24b4: ;   {optimized virtual_call}
  0x000001e6c52c24b4: c866 90e8 

  0x000001e6c52c24b8: ; ImmutableOopMap {[112]=Oop }
                      ;*invokevirtual setCachedLambdaForm {reexecute=0 rethrow=0 return_oop=0}
                      ; - java.lang.invoke.DirectMethodHandle::preparedLambdaForm@27 (line 232)
                      ; - java.lang.invoke.DirectMethodHandle::preparedLambdaForm@159 (line 216)
  0x000001e6c52c24b8: 3f02 0000 

  0x000001e6c52c24bc: ;   {other}
  0x000001e6c52c24bc: 0f1f 8400 | 2c05 0007 | 488b d044 | 8b42 284d | 85c0 0f85 | 5800 0000 | 4889 9424 | 9000 0000 
  0x000001e6c52c24dc: 488b 5424 | 7044 8b42 | 1849 8bd0 

  0x000001e6c52c24e8: ;   {oop(a 'java/lang/Class'{0x000000008860c450} = 'java/lang/invoke/MethodHandle')}
  0x000001e6c52c24e8: 49b8 50c4 | 6088 0000 | 0000 0f1f 

  0x000001e6c52c24f4: ;   {static_call}
  0x000001e6c52c24f4: 4400 00e8 

  0x000001e6c52c24f8: ; ImmutableOopMap {[112]=Oop [144]=Oop }
                      ;*invokestatic isSamePackage {reexecute=0 rethrow=0 return_oop=0}
                      ; - java.lang.invoke.DirectMethodHandle::maybeCompile@13 (line 318)
                      ; - java.lang.invoke.DirectMethodHandle::preparedLambdaForm@167 (line 217)
  0x000001e6c52c24f8: 84cb c8ff 

  0x000001e6c52c24fc: ;   {other}
  0x000001e6c52c24fc: 0f1f 8400 | 6c05 0008 | 85c0 488b | 9424 9000 | 0000 0f84 | 1800 0000 

  0x000001e6c52c2514: ;   {optimized virtual_call}
  0x000001e6c52c2514: 6666 90e8 

  0x000001e6c52c2518: ; ImmutableOopMap {[112]=Oop [144]=Oop }
                      ;*invokevirtual compileToBytecode {reexecute=0 rethrow=0 return_oop=0}
                      ; - java.lang.invoke.DirectMethodHandle::maybeCompile@20 (line 320)
                      ; - java.lang.invoke.DirectMethodHandle::preparedLambdaForm@167 (line 217)
  0x000001e6c52c2518: 64c5 c8ff 

  0x000001e6c52c251c: ;   {other}
  0x000001e6c52c251c: 0f1f 8400 | 8c05 0009 | 488b 9424 | 9000 0000 | 488b c248 | 81c4 b000 

  0x000001e6c52c2534: ;   {poll_return}
  0x000001e6c52c2534: 0000 5d49 | 3ba7 4804 | 0000 0f87 | 1101 0000 | c348 8bda 

  0x000001e6c52c2548: ;   {metadata('java/lang/InternalError')}
  0x000001e6c52c2548: 48ba 205a | 0400 0100 | 0000 80ba | 2101 0000 | 040f 8511 | 0100 0049 | 8b87 b801 | 0000 488d 
  0x000001e6c52c2568: 7828 493b | bfc8 0100 | 000f 87f9 | 0000 0049 | 89bf b801 | 0000 48c7 | 0001 0000 | 0048 8bca 
  0x000001e6c52c2588: 48c1 e903 | 8948 0848 | 33c9 8948 | 0c48 33c9 | 4889 4810 | 4889 4818 | 4889 4820 | 488b d348 
  0x000001e6c52c25a8: 8984 2498 

  0x000001e6c52c25ac: ;   {optimized virtual_call}
  0x000001e6c52c25ac: 0000 00e8 

  0x000001e6c52c25b0: ; ImmutableOopMap {[152]=Oop }
                      ;*invokevirtual toString {reexecute=0 rethrow=0 return_oop=0}
                      ; - java.lang.invoke.DirectMethodHandle::preparedLambdaForm@117 (line 206)
  0x000001e6c52c25b0: ccc4 c8ff 

  0x000001e6c52c25b4: ;   {other}
  0x000001e6c52c25b4: 0f1f 8400 | 2406 000a | 4c8b c048 | 8b94 2498 

  0x000001e6c52c25c4: ;   {optimized virtual_call}
  0x000001e6c52c25c4: 0000 00e8 

  0x000001e6c52c25c8: ; ImmutableOopMap {[152]=Oop }
                      ;*invokespecial <init> {reexecute=0 rethrow=0 return_oop=0}
                      ; - java.lang.invoke.DirectMethodHandle::preparedLambdaForm@120 (line 206)
  0x000001e6c52c25c8: b4c4 c8ff 

  0x000001e6c52c25cc: ;   {other}
  0x000001e6c52c25cc: 0f1f 8400 | 3c06 000b | 488b 8424 | 9800 0000 | e9b9 0000 

  0x000001e6c52c25e0: ;   {runtime_call throw_null_pointer_exception Runtime1 stub}
  0x000001e6c52c25e0: 00e8 1ae8 

  0x000001e6c52c25e4: ; ImmutableOopMap {rdx=Oop [112]=Oop }
                      ;*invokevirtual getInvocationType {reexecute=0 rethrow=0 return_oop=0}
                      ; - java.lang.invoke.DirectMethodHandle::preparedLambdaForm@23 (line 193)
                      ;   {runtime_call throw_null_pointer_exception Runtime1 stub}
  0x000001e6c52c25e4: d3ff e815 

  0x000001e6c52c25e8: ; ImmutableOopMap {[112]=Oop }
                      ;*invokevirtual basicType {reexecute=0 rethrow=0 return_oop=0}
                      ; - java.lang.invoke.DirectMethodHandle::preparedLambdaForm@26 (line 193)
                      ;   {runtime_call throw_null_pointer_exception Runtime1 stub}
  0x000001e6c52c25e8: e8d3 ffe8 

  0x000001e6c52c25ec: ; ImmutableOopMap {[112]=Oop }
                      ;*invokevirtual basicType {reexecute=0 rethrow=0 return_oop=0}
                      ; - java.lang.invoke.MethodType::basicType@4 (line 736)
                      ; - java.lang.invoke.DirectMethodHandle::preparedLambdaForm@26 (line 193)
  0x000001e6c52c25ec: 10e8 d3ff 

  0x000001e6c52c25f0: ;   {runtime_call throw_null_pointer_exception Runtime1 stub}
  0x000001e6c52c25f0: e80b e8d3 

  0x000001e6c52c25f4: ; ImmutableOopMap {rsi=Oop [112]=Oop [128]=Oop }
                      ;*invokevirtual form {reexecute=0 rethrow=0 return_oop=0}
                      ; - java.lang.invoke.DirectMethodHandle::preparedLambdaForm@1 (line 229)
                      ; - java.lang.invoke.DirectMethodHandle::preparedLambdaForm@139 (line 210)
                      ;   {runtime_call throw_null_pointer_exception Runtime1 stub}
  0x000001e6c52c25f4: ffe8 06e8 

  0x000001e6c52c25f8: ; ImmutableOopMap {rsi=Oop [112]=Oop [128]=Oop }
                      ;*invokevirtual cachedLambdaForm {reexecute=0 rethrow=0 return_oop=0}
                      ; - java.lang.invoke.DirectMethodHandle::preparedLambdaForm@5 (line 229)
                      ; - java.lang.invoke.DirectMethodHandle::preparedLambdaForm@139 (line 210)
                      ;   {runtime_call throw_null_pointer_exception Runtime1 stub}
  0x000001e6c52c25f8: d3ff e801 

  0x000001e6c52c25fc: ; ImmutableOopMap {rsi=Oop rdx=Oop [112]=Oop [128]=Oop }
                      ;*aaload {reexecute=0 rethrow=0 return_oop=0}
                      ; - java.lang.invoke.MethodTypeForm::cachedLambdaForm@5 (line 131)
                      ; - java.lang.invoke.DirectMethodHandle::preparedLambdaForm@5 (line 229)
                      ; - java.lang.invoke.DirectMethodHandle::preparedLambdaForm@139 (line 210)
  0x000001e6c52c25fc: e8d3 ff48 | 893c 2448 | 8954 2408 

  0x000001e6c52c2608: ;   {runtime_call throw_range_check_failed Runtime1 stub}
  0x000001e6c52c2608: e8f3 ded3 

  0x000001e6c52c260c: ; ImmutableOopMap {rsi=Oop rdx=Oop [112]=Oop [128]=Oop }
                      ;*aaload {reexecute=0 rethrow=0 return_oop=0}
                      ; - java.lang.invoke.MethodTypeForm::cachedLambdaForm@5 (line 131)
                      ; - java.lang.invoke.DirectMethodHandle::preparedLambdaForm@5 (line 229)
                      ; - java.lang.invoke.DirectMethodHandle::preparedLambdaForm@139 (line 210)
                      ;   {runtime_call throw_null_pointer_exception Runtime1 stub}
  0x000001e6c52c260c: ffe8 eee7 

  0x000001e6c52c2610: ; ImmutableOopMap {rdx=Oop [112]=Oop [128]=Oop }
                      ;*invokevirtual get {reexecute=0 rethrow=0 return_oop=0}
                      ; - java.lang.invoke.MethodTypeForm::cachedLambdaForm@12 (line 132)
                      ; - java.lang.invoke.DirectMethodHandle::preparedLambdaForm@5 (line 229)
                      ; - java.lang.invoke.DirectMethodHandle::preparedLambdaForm@139 (line 210)
  0x000001e6c52c2610: d3ff 4889 

  0x000001e6c52c2614: ;   {runtime_call throw_class_cast_exception Runtime1 stub}
  0x000001e6c52c2614: 0424 e8e5 

  0x000001e6c52c2618: ; ImmutableOopMap {[112]=Oop [128]=Oop }
                      ;*checkcast {reexecute=0 rethrow=0 return_oop=0}
                      ; - java.lang.invoke.MethodTypeForm::cachedLambdaForm@15 (line 132)
                      ; - java.lang.invoke.DirectMethodHandle::preparedLambdaForm@5 (line 229)
                      ; - java.lang.invoke.DirectMethodHandle::preparedLambdaForm@139 (line 210)
                      ;   {runtime_call throw_null_pointer_exception Runtime1 stub}
  0x000001e6c52c2618: 0bd4 ffe8 

  0x000001e6c52c261c: ; ImmutableOopMap {rax=Oop rsi=Oop rdx=Oop [112]=Oop [128]=Oop }
                      ;*invokevirtual setCachedLambdaForm {reexecute=0 rethrow=0 return_oop=0}
                      ; - java.lang.invoke.DirectMethodHandle::preparedLambdaForm@27 (line 232)
                      ; - java.lang.invoke.DirectMethodHandle::preparedLambdaForm@139 (line 210)
  0x000001e6c52c261c: e0e7 d3ff 

  0x000001e6c52c2620: ;   {runtime_call throw_null_pointer_exception Runtime1 stub}
  0x000001e6c52c2620: e8db e7d3 

  0x000001e6c52c2624: ; ImmutableOopMap {rsi=Oop [112]=Oop [128]=Oop }
                      ;*invokevirtual form {reexecute=0 rethrow=0 return_oop=0}
                      ; - java.lang.invoke.DirectMethodHandle::preparedLambdaForm@1 (line 229)
                      ; - java.lang.invoke.DirectMethodHandle::preparedLambdaForm@159 (line 216)
                      ;   {runtime_call throw_null_pointer_exception Runtime1 stub}
  0x000001e6c52c2624: ffe8 d6e7 

  0x000001e6c52c2628: ; ImmutableOopMap {rsi=Oop [112]=Oop [128]=Oop }
                      ;*invokevirtual cachedLambdaForm {reexecute=0 rethrow=0 return_oop=0}
                      ; - java.lang.invoke.DirectMethodHandle::preparedLambdaForm@5 (line 229)
                      ; - java.lang.invoke.DirectMethodHandle::preparedLambdaForm@159 (line 216)
                      ;   {runtime_call throw_null_pointer_exception Runtime1 stub}
  0x000001e6c52c2628: d3ff e8d1 

  0x000001e6c52c262c: ; ImmutableOopMap {rsi=Oop rdx=Oop [112]=Oop [128]=Oop }
                      ;*aaload {reexecute=0 rethrow=0 return_oop=0}
                      ; - java.lang.invoke.MethodTypeForm::cachedLambdaForm@5 (line 131)
                      ; - java.lang.invoke.DirectMethodHandle::preparedLambdaForm@5 (line 229)
                      ; - java.lang.invoke.DirectMethodHandle::preparedLambdaForm@159 (line 216)
  0x000001e6c52c262c: e7d3 ff48 | 893c 2448 | 8954 2408 

  0x000001e6c52c2638: ;   {runtime_call throw_range_check_failed Runtime1 stub}
  0x000001e6c52c2638: e8c3 ded3 

  0x000001e6c52c263c: ; ImmutableOopMap {rsi=Oop rdx=Oop [112]=Oop [128]=Oop }
                      ;*aaload {reexecute=0 rethrow=0 return_oop=0}
                      ; - java.lang.invoke.MethodTypeForm::cachedLambdaForm@5 (line 131)
                      ; - java.lang.invoke.DirectMethodHandle::preparedLambdaForm@5 (line 229)
                      ; - java.lang.invoke.DirectMethodHandle::preparedLambdaForm@159 (line 216)
                      ;   {runtime_call throw_null_pointer_exception Runtime1 stub}
  0x000001e6c52c263c: ffe8 bee7 

  0x000001e6c52c2640: ; ImmutableOopMap {rdx=Oop [112]=Oop [128]=Oop }
                      ;*invokevirtual get {reexecute=0 rethrow=0 return_oop=0}
                      ; - java.lang.invoke.MethodTypeForm::cachedLambdaForm@12 (line 132)
                      ; - java.lang.invoke.DirectMethodHandle::preparedLambdaForm@5 (line 229)
                      ; - java.lang.invoke.DirectMethodHandle::preparedLambdaForm@159 (line 216)
  0x000001e6c52c2640: d3ff 4889 

  0x000001e6c52c2644: ;   {runtime_call throw_class_cast_exception Runtime1 stub}
  0x000001e6c52c2644: 0424 e8b5 

  0x000001e6c52c2648: ; ImmutableOopMap {[112]=Oop [128]=Oop }
                      ;*checkcast {reexecute=0 rethrow=0 return_oop=0}
                      ; - java.lang.invoke.MethodTypeForm::cachedLambdaForm@15 (line 132)
                      ; - java.lang.invoke.DirectMethodHandle::preparedLambdaForm@5 (line 229)
                      ; - java.lang.invoke.DirectMethodHandle::preparedLambdaForm@159 (line 216)
                      ;   {runtime_call throw_null_pointer_exception Runtime1 stub}
  0x000001e6c52c2648: 0bd4 ffe8 

  0x000001e6c52c264c: ; ImmutableOopMap {rax=Oop rdx=Oop [112]=Oop }
                      ;*invokevirtual setCachedLambdaForm {reexecute=0 rethrow=0 return_oop=0}
                      ; - java.lang.invoke.DirectMethodHandle::preparedLambdaForm@27 (line 232)
                      ; - java.lang.invoke.DirectMethodHandle::preparedLambdaForm@159 (line 216)
  0x000001e6c52c264c: b0e7 d3ff 

  0x000001e6c52c2650: ;   {runtime_call throw_null_pointer_exception Runtime1 stub}
  0x000001e6c52c2650: e8ab e7d3 

  0x000001e6c52c2654: ; ImmutableOopMap {rdx=Oop [112]=Oop }
                      ;*getfield vmentry {reexecute=1 rethrow=0 return_oop=0}
                      ; - (reexecute) java.lang.invoke.DirectMethodHandle::maybeCompile@1 (line 318)
                      ; - java.lang.invoke.DirectMethodHandle::preparedLambdaForm@167 (line 217)
                      ;   {internal_word}
  0x000001e6c52c2654: ff49 ba37 | 252c c5e6 | 0100 004d | 8997 6004 

  0x000001e6c52c2664: ;   {runtime_call SafepointBlob}
  0x000001e6c52c2664: 0000 e995 

  0x000001e6c52c2668: ;   {runtime_call throw_null_pointer_exception Runtime1 stub}
  0x000001e6c52c2668: 30c9 ffe8 

  0x000001e6c52c266c: ; ImmutableOopMap {rbx=Oop [112]=Oop }
                      ;*new {reexecute=0 rethrow=0 return_oop=0}
                      ; - java.lang.invoke.DirectMethodHandle::preparedLambdaForm@112 (line 206)
  0x000001e6c52c266c: 90e7 d3ff 

  0x000001e6c52c2670: ;   {runtime_call fast_new_instance_init_check Runtime1 stub}
  0x000001e6c52c2670: 488b d2e8 

  0x000001e6c52c2674: ; ImmutableOopMap {rbx=Oop [112]=Oop }
                      ;*new {reexecute=0 rethrow=0 return_oop=0}
                      ; - java.lang.invoke.DirectMethodHandle::preparedLambdaForm@112 (line 206)
  0x000001e6c52c2674: 88f3 d3ff | e927 ffff | ff49 8b87 | f804 0000 | 49c7 87f8 | 0400 0000 | 0000 0049 | c787 0005 
  0x000001e6c52c2694: 0000 0000 | 0000 4881 | c4b0 0000 

  0x000001e6c52c26a0: ;   {runtime_call unwind_exception Runtime1 stub}
  0x000001e6c52c26a0: 005d e959 | d8d3 fff4 
[Stub Code]
  0x000001e6c52c26a8: ;   {no_reloc}
  0x000001e6c52c26a8: 0f1f 4400 

  0x000001e6c52c26ac: ;   {static_stub}
  0x000001e6c52c26ac: 0048 bb00 | 0000 0000 

  0x000001e6c52c26b4: ;   {runtime_call}
  0x000001e6c52c26b4: 0000 00e9 | fbff ffff 

  0x000001e6c52c26bc: ;   {static_stub}
  0x000001e6c52c26bc: 9048 bb00 | 0000 0000 

  0x000001e6c52c26c4: ;   {runtime_call}
  0x000001e6c52c26c4: 0000 00e9 | fbff ffff 

  0x000001e6c52c26cc: ;   {static_stub}
  0x000001e6c52c26cc: 9048 bb00 | 0000 0000 

  0x000001e6c52c26d4: ;   {runtime_call}
  0x000001e6c52c26d4: 0000 00e9 | fbff ffff 

  0x000001e6c52c26dc: ;   {static_stub}
  0x000001e6c52c26dc: 9048 bb00 | 0000 0000 

  0x000001e6c52c26e4: ;   {runtime_call}
  0x000001e6c52c26e4: 0000 00e9 | fbff ffff 

  0x000001e6c52c26ec: ;   {static_stub}
  0x000001e6c52c26ec: 48bb d08f | 09cd e601 

  0x000001e6c52c26f4: ;   {runtime_call I2C/C2I adapters}
  0x000001e6c52c26f4: 0000 e963 

  0x000001e6c52c26f8: ;   {static_stub}
  0x000001e6c52c26f8: 16c9 ff48 | bb50 3d5d | cde6 0100 

  0x000001e6c52c2704: ;   {runtime_call I2C/C2I adapters}
  0x000001e6c52c2704: 00e9 58bb 

  0x000001e6c52c2708: ;   {static_stub}
  0x000001e6c52c2708: c6ff 48bb | 0000 0000 | 0000 0000 

  0x000001e6c52c2714: ;   {runtime_call}
  0x000001e6c52c2714: e9fb ffff 

  0x000001e6c52c2718: ;   {static_stub}
  0x000001e6c52c2718: ff48 bb00 | 0000 0000 

  0x000001e6c52c2720: ;   {runtime_call}
  0x000001e6c52c2720: 0000 00e9 | fbff ffff 

  0x000001e6c52c2728: ;   {static_stub}
  0x000001e6c52c2728: 48bb 0000 | 0000 0000 

  0x000001e6c52c2730: ;   {runtime_call}
  0x000001e6c52c2730: 0000 e9fb 

  0x000001e6c52c2734: ;   {static_stub}
  0x000001e6c52c2734: ffff ff48 | bb00 9509 | cde6 0100 

  0x000001e6c52c2740: ;   {runtime_call I2C/C2I adapters}
  0x000001e6c52c2740: 00e9 140d 

  0x000001e6c52c2744: ;   {runtime_call handle_exception_from_callee Runtime1 stub}
  0x000001e6c52c2744: c9ff e8b5 

  0x000001e6c52c2748: ;   {external_word}
  0x000001e6c52c2748: 04d4 ff48 | b9b0 78f0 | dbf8 7f00 | 0048 83e4 

  0x000001e6c52c2758: ;   {runtime_call}
  0x000001e6c52c2758: f048 b850 | 42b8 dbf8 | 7f00 00ff 

  0x000001e6c52c2764: ;   {section_word}
  0x000001e6c52c2764: d0f4 49ba | 6627 2cc5 | e601 0000 

  0x000001e6c52c2770: ;   {runtime_call DeoptimizationBlob}
  0x000001e6c52c2770: 4152 e929 | 22c9 fff4 
[/MachCode]


---------------  P R O C E S S  ---------------

Threads class SMR info:
_java_thread_list=0x000001e6ccb36580, length=12, elements={
0x000001e6bca63890, 0x000001e6ccb418a0, 0x000001e6ccb29aa0, 0x000001e6ccb37ee0,
0x000001e6ccb2b580, 0x000001e6ccb2bf40, 0x000001e6ccb55fe0, 0x000001e6ccb30d50,
0x000001e6ccccbf00, 0x000001e6cccc8a80, 0x000001e6cccd8310, 0x000001e6d12c3df0
}

Java Threads: ( => current thread )
=>0x000001e6bca63890 JavaThread "main"                              [_thread_in_vm, id=8860, stack(0x00000002e9a00000,0x00000002e9b00000) (1024K)]
  0x000001e6ccb418a0 JavaThread "Reference Handler"          daemon [_thread_blocked, id=1644, stack(0x00000002ea200000,0x00000002ea300000) (1024K)]
  0x000001e6ccb29aa0 JavaThread "Finalizer"                  daemon [_thread_blocked, id=5476, stack(0x00000002ea300000,0x00000002ea400000) (1024K)]
  0x000001e6ccb37ee0 JavaThread "Signal Dispatcher"          daemon [_thread_blocked, id=13300, stack(0x00000002ea400000,0x00000002ea500000) (1024K)]
  0x000001e6ccb2b580 JavaThread "Attach Listener"            daemon [_thread_blocked, id=18204, stack(0x00000002ea500000,0x00000002ea600000) (1024K)]
  0x000001e6ccb2bf40 JavaThread "Service Thread"             daemon [_thread_blocked, id=17540, stack(0x00000002ea600000,0x00000002ea700000) (1024K)]
  0x000001e6ccb55fe0 JavaThread "Monitor Deflation Thread"   daemon [_thread_blocked, id=10356, stack(0x00000002ea700000,0x00000002ea800000) (1024K)]
  0x000001e6ccb30d50 JavaThread "C1 CompilerThread0"         daemon [_thread_blocked, id=17928, stack(0x00000002ea800000,0x00000002ea900000) (1024K)]
  0x000001e6ccccbf00 JavaThread "Notification Thread"        daemon [_thread_blocked, id=2024, stack(0x00000002ea900000,0x00000002eaa00000) (1024K)]
  0x000001e6cccc8a80 JavaThread "Common-Cleaner"             daemon [_thread_blocked, id=1984, stack(0x00000002eaa00000,0x00000002eab00000) (1024K)]
  0x000001e6cccd8310 JavaThread "C1 CompilerThread1"         daemon [_thread_blocked, id=19248, stack(0x00000002eab00000,0x00000002eac00000) (1024K)]
  0x000001e6d12c3df0 JavaThread "C1 CompilerThread2"         daemon [_thread_blocked, id=19300, stack(0x00000002eac00000,0x00000002ead00000) (1024K)]
Total: 12

Other Threads:
  0x000001e6ccabd990 VMThread "VM Thread"                           [id=14180, stack(0x00000002ea100000,0x00000002ea200000) (1024K)]
  0x000001e6cca3c270 WatcherThread "VM Periodic Task Thread"        [id=14240, stack(0x00000002ea000000,0x00000002ea100000) (1024K)]
  0x000001e6ba9ccb50 WorkerThread "GC Thread#0"                     [id=1380, stack(0x00000002e9b00000,0x00000002e9c00000) (1024K)]
  0x000001e6d15f90a0 WorkerThread "GC Thread#1"                     [id=7008, stack(0x00000002ead00000,0x00000002eae00000) (1024K)]
  0x000001e6d15f9440 WorkerThread "GC Thread#2"                     [id=5796, stack(0x00000002eae00000,0x00000002eaf00000) (1024K)]
  0x000001e6d1605560 WorkerThread "GC Thread#3"                     [id=9096, stack(0x00000002eaf00000,0x00000002eb000000) (1024K)]
  0x000001e6bcaccd50 ConcurrentGCThread "G1 Main Marker"            [id=5832, stack(0x00000002e9c00000,0x00000002e9d00000) (1024K)]
  0x000001e6bcacdf00 WorkerThread "G1 Conc#0"                       [id=17112, stack(0x00000002e9d00000,0x00000002e9e00000) (1024K)]
  0x000001e6cc8f80f0 ConcurrentGCThread "G1 Refine#0"               [id=15840, stack(0x00000002e9e00000,0x00000002e9f00000) (1024K)]
  0x000001e6cc8fbf40 ConcurrentGCThread "G1 Service"                [id=1412, stack(0x00000002e9f00000,0x00000002ea000000) (1024K)]
Total: 10

Threads with active compile tasks:
Total: 0

VM state: not at safepoint (normal execution)

VM Mutex/Monitor currently owned by a thread:  ([mutex/lock_event])
[0x00007ff8dc19ee50] Metaspace_lock - owner thread: 0x000001e6bca63890

Heap address: 0x0000000081400000, size: 2028 MB, Compressed Oops mode: 32-bit

CDS archive(s) not mapped
Compressed class space mapped at: 0x0000000100000000-0x0000000140000000, reserved size: 1073741824
Narrow klass base: 0x0000000000000000, Narrow klass shift: 3, Narrow klass range: 0x140000000

GC Precious Log:
 CardTable entry size: 512
 Card Set container configuration: InlinePtr #cards 5 size 8 Array Of Cards #cards 12 size 40 Howl #buckets 4 coarsen threshold 1843 Howl Bitmap #cards 512 size 80 coarsen threshold 460 Card regions per heap region 1 cards per card region 2048
 CPUs: 4 total, 4 available
 Memory: 8108M
 Large Page Support: Disabled
 NUMA Support: Disabled
 Compressed Oops: Enabled (32-bit)
 Heap Region Size: 1M
 Heap Min Capacity: 8M
 Heap Initial Capacity: 128M
 Heap Max Capacity: 2028M
 Pre-touch: Disabled
 Parallel Workers: 4
 Concurrent Workers: 1
 Concurrent Refinement Workers: 4
 Periodic GC: Disabled

Heap:
 garbage-first heap   total 131072K, used 13829K [0x0000000081400000, 0x0000000100000000)
  region size 1024K, 10 young (10240K), 2 survivors (2048K)
 Metaspace       used 13597K, committed 13760K, reserved 1114112K
  class space    used 1360K, committed 1408K, reserved 1048576K

Heap Regions: E=young(eden), S=young(survivor), O=old, HS=humongous(starts), HC=humongous(continues), CS=collection set, F=free, TAMS=top-at-mark-start, PB=parsable bottom
|   0|0x0000000081400000, 0x0000000081500000, 0x0000000081500000|100%|HS|  |TAMS 0x0000000081400000| PB 0x0000000081400000| Complete 
|   1|0x0000000081500000, 0x0000000081600000, 0x0000000081600000|100%|HS|  |TAMS 0x0000000081500000| PB 0x0000000081500000| Complete 
|   2|0x0000000081600000, 0x0000000081700000, 0x0000000081700000|100%| O|  |TAMS 0x0000000081600000| PB 0x0000000081600000| Untracked 
|   3|0x0000000081700000, 0x0000000081800000, 0x0000000081800000|100%| O|  |TAMS 0x0000000081700000| PB 0x0000000081700000| Untracked 
|   4|0x0000000081800000, 0x0000000081881510, 0x0000000081900000| 50%| O|  |TAMS 0x0000000081800000| PB 0x0000000081800000| Untracked 
|   5|0x0000000081900000, 0x0000000081900000, 0x0000000081a00000|  0%| F|  |TAMS 0x0000000081900000| PB 0x0000000081900000| Untracked 
|   6|0x0000000081a00000, 0x0000000081a00000, 0x0000000081b00000|  0%| F|  |TAMS 0x0000000081a00000| PB 0x0000000081a00000| Untracked 
|   7|0x0000000081b00000, 0x0000000081b00000, 0x0000000081c00000|  0%| F|  |TAMS 0x0000000081b00000| PB 0x0000000081b00000| Untracked 
|   8|0x0000000081c00000, 0x0000000081c00000, 0x0000000081d00000|  0%| F|  |TAMS 0x0000000081c00000| PB 0x0000000081c00000| Untracked 
|   9|0x0000000081d00000, 0x0000000081d00000, 0x0000000081e00000|  0%| F|  |TAMS 0x0000000081d00000| PB 0x0000000081d00000| Untracked 
|  10|0x0000000081e00000, 0x0000000081e00000, 0x0000000081f00000|  0%| F|  |TAMS 0x0000000081e00000| PB 0x0000000081e00000| Untracked 
|  11|0x0000000081f00000, 0x0000000081f00000, 0x0000000082000000|  0%| F|  |TAMS 0x0000000081f00000| PB 0x0000000081f00000| Untracked 
|  12|0x0000000082000000, 0x0000000082000000, 0x0000000082100000|  0%| F|  |TAMS 0x0000000082000000| PB 0x0000000082000000| Untracked 
|  13|0x0000000082100000, 0x0000000082100000, 0x0000000082200000|  0%| F|  |TAMS 0x0000000082100000| PB 0x0000000082100000| Untracked 
|  14|0x0000000082200000, 0x0000000082200000, 0x0000000082300000|  0%| F|  |TAMS 0x0000000082200000| PB 0x0000000082200000| Untracked 
|  15|0x0000000082300000, 0x0000000082300000, 0x0000000082400000|  0%| F|  |TAMS 0x0000000082300000| PB 0x0000000082300000| Untracked 
|  16|0x0000000082400000, 0x0000000082400000, 0x0000000082500000|  0%| F|  |TAMS 0x0000000082400000| PB 0x0000000082400000| Untracked 
|  17|0x0000000082500000, 0x0000000082500000, 0x0000000082600000|  0%| F|  |TAMS 0x0000000082500000| PB 0x0000000082500000| Untracked 
|  18|0x0000000082600000, 0x0000000082600000, 0x0000000082700000|  0%| F|  |TAMS 0x0000000082600000| PB 0x0000000082600000| Untracked 
|  19|0x0000000082700000, 0x0000000082700000, 0x0000000082800000|  0%| F|  |TAMS 0x0000000082700000| PB 0x0000000082700000| Untracked 
|  20|0x0000000082800000, 0x0000000082800000, 0x0000000082900000|  0%| F|  |TAMS 0x0000000082800000| PB 0x0000000082800000| Untracked 
|  21|0x0000000082900000, 0x0000000082900000, 0x0000000082a00000|  0%| F|  |TAMS 0x0000000082900000| PB 0x0000000082900000| Untracked 
|  22|0x0000000082a00000, 0x0000000082a00000, 0x0000000082b00000|  0%| F|  |TAMS 0x0000000082a00000| PB 0x0000000082a00000| Untracked 
|  23|0x0000000082b00000, 0x0000000082b00000, 0x0000000082c00000|  0%| F|  |TAMS 0x0000000082b00000| PB 0x0000000082b00000| Untracked 
|  24|0x0000000082c00000, 0x0000000082c00000, 0x0000000082d00000|  0%| F|  |TAMS 0x0000000082c00000| PB 0x0000000082c00000| Untracked 
|  25|0x0000000082d00000, 0x0000000082d00000, 0x0000000082e00000|  0%| F|  |TAMS 0x0000000082d00000| PB 0x0000000082d00000| Untracked 
|  26|0x0000000082e00000, 0x0000000082e00000, 0x0000000082f00000|  0%| F|  |TAMS 0x0000000082e00000| PB 0x0000000082e00000| Untracked 
|  27|0x0000000082f00000, 0x0000000082f00000, 0x0000000083000000|  0%| F|  |TAMS 0x0000000082f00000| PB 0x0000000082f00000| Untracked 
|  28|0x0000000083000000, 0x0000000083000000, 0x0000000083100000|  0%| F|  |TAMS 0x0000000083000000| PB 0x0000000083000000| Untracked 
|  29|0x0000000083100000, 0x0000000083100000, 0x0000000083200000|  0%| F|  |TAMS 0x0000000083100000| PB 0x0000000083100000| Untracked 
|  30|0x0000000083200000, 0x0000000083200000, 0x0000000083300000|  0%| F|  |TAMS 0x0000000083200000| PB 0x0000000083200000| Untracked 
|  31|0x0000000083300000, 0x0000000083300000, 0x0000000083400000|  0%| F|  |TAMS 0x0000000083300000| PB 0x0000000083300000| Untracked 
|  32|0x0000000083400000, 0x0000000083400000, 0x0000000083500000|  0%| F|  |TAMS 0x0000000083400000| PB 0x0000000083400000| Untracked 
|  33|0x0000000083500000, 0x0000000083500000, 0x0000000083600000|  0%| F|  |TAMS 0x0000000083500000| PB 0x0000000083500000| Untracked 
|  34|0x0000000083600000, 0x0000000083600000, 0x0000000083700000|  0%| F|  |TAMS 0x0000000083600000| PB 0x0000000083600000| Untracked 
|  35|0x0000000083700000, 0x0000000083700000, 0x0000000083800000|  0%| F|  |TAMS 0x0000000083700000| PB 0x0000000083700000| Untracked 
|  36|0x0000000083800000, 0x0000000083800000, 0x0000000083900000|  0%| F|  |TAMS 0x0000000083800000| PB 0x0000000083800000| Untracked 
|  37|0x0000000083900000, 0x0000000083900000, 0x0000000083a00000|  0%| F|  |TAMS 0x0000000083900000| PB 0x0000000083900000| Untracked 
|  38|0x0000000083a00000, 0x0000000083a00000, 0x0000000083b00000|  0%| F|  |TAMS 0x0000000083a00000| PB 0x0000000083a00000| Untracked 
|  39|0x0000000083b00000, 0x0000000083b00000, 0x0000000083c00000|  0%| F|  |TAMS 0x0000000083b00000| PB 0x0000000083b00000| Untracked 
|  40|0x0000000083c00000, 0x0000000083c00000, 0x0000000083d00000|  0%| F|  |TAMS 0x0000000083c00000| PB 0x0000000083c00000| Untracked 
|  41|0x0000000083d00000, 0x0000000083d00000, 0x0000000083e00000|  0%| F|  |TAMS 0x0000000083d00000| PB 0x0000000083d00000| Untracked 
|  42|0x0000000083e00000, 0x0000000083e00000, 0x0000000083f00000|  0%| F|  |TAMS 0x0000000083e00000| PB 0x0000000083e00000| Untracked 
|  43|0x0000000083f00000, 0x0000000083f00000, 0x0000000084000000|  0%| F|  |TAMS 0x0000000083f00000| PB 0x0000000083f00000| Untracked 
|  44|0x0000000084000000, 0x0000000084000000, 0x0000000084100000|  0%| F|  |TAMS 0x0000000084000000| PB 0x0000000084000000| Untracked 
|  45|0x0000000084100000, 0x0000000084100000, 0x0000000084200000|  0%| F|  |TAMS 0x0000000084100000| PB 0x0000000084100000| Untracked 
|  46|0x0000000084200000, 0x0000000084200000, 0x0000000084300000|  0%| F|  |TAMS 0x0000000084200000| PB 0x0000000084200000| Untracked 
|  47|0x0000000084300000, 0x0000000084300000, 0x0000000084400000|  0%| F|  |TAMS 0x0000000084300000| PB 0x0000000084300000| Untracked 
|  48|0x0000000084400000, 0x0000000084400000, 0x0000000084500000|  0%| F|  |TAMS 0x0000000084400000| PB 0x0000000084400000| Untracked 
|  49|0x0000000084500000, 0x0000000084500000, 0x0000000084600000|  0%| F|  |TAMS 0x0000000084500000| PB 0x0000000084500000| Untracked 
|  50|0x0000000084600000, 0x0000000084600000, 0x0000000084700000|  0%| F|  |TAMS 0x0000000084600000| PB 0x0000000084600000| Untracked 
|  51|0x0000000084700000, 0x0000000084700000, 0x0000000084800000|  0%| F|  |TAMS 0x0000000084700000| PB 0x0000000084700000| Untracked 
|  52|0x0000000084800000, 0x0000000084800000, 0x0000000084900000|  0%| F|  |TAMS 0x0000000084800000| PB 0x0000000084800000| Untracked 
|  53|0x0000000084900000, 0x0000000084900000, 0x0000000084a00000|  0%| F|  |TAMS 0x0000000084900000| PB 0x0000000084900000| Untracked 
|  54|0x0000000084a00000, 0x0000000084a00000, 0x0000000084b00000|  0%| F|  |TAMS 0x0000000084a00000| PB 0x0000000084a00000| Untracked 
|  55|0x0000000084b00000, 0x0000000084b00000, 0x0000000084c00000|  0%| F|  |TAMS 0x0000000084b00000| PB 0x0000000084b00000| Untracked 
|  56|0x0000000084c00000, 0x0000000084c00000, 0x0000000084d00000|  0%| F|  |TAMS 0x0000000084c00000| PB 0x0000000084c00000| Untracked 
|  57|0x0000000084d00000, 0x0000000084d00000, 0x0000000084e00000|  0%| F|  |TAMS 0x0000000084d00000| PB 0x0000000084d00000| Untracked 
|  58|0x0000000084e00000, 0x0000000084e00000, 0x0000000084f00000|  0%| F|  |TAMS 0x0000000084e00000| PB 0x0000000084e00000| Untracked 
|  59|0x0000000084f00000, 0x0000000084f00000, 0x0000000085000000|  0%| F|  |TAMS 0x0000000084f00000| PB 0x0000000084f00000| Untracked 
|  60|0x0000000085000000, 0x0000000085000000, 0x0000000085100000|  0%| F|  |TAMS 0x0000000085000000| PB 0x0000000085000000| Untracked 
|  61|0x0000000085100000, 0x0000000085100000, 0x0000000085200000|  0%| F|  |TAMS 0x0000000085100000| PB 0x0000000085100000| Untracked 
|  62|0x0000000085200000, 0x0000000085200000, 0x0000000085300000|  0%| F|  |TAMS 0x0000000085200000| PB 0x0000000085200000| Untracked 
|  63|0x0000000085300000, 0x0000000085300000, 0x0000000085400000|  0%| F|  |TAMS 0x0000000085300000| PB 0x0000000085300000| Untracked 
|  64|0x0000000085400000, 0x0000000085400000, 0x0000000085500000|  0%| F|  |TAMS 0x0000000085400000| PB 0x0000000085400000| Untracked 
|  65|0x0000000085500000, 0x0000000085500000, 0x0000000085600000|  0%| F|  |TAMS 0x0000000085500000| PB 0x0000000085500000| Untracked 
|  66|0x0000000085600000, 0x0000000085600000, 0x0000000085700000|  0%| F|  |TAMS 0x0000000085600000| PB 0x0000000085600000| Untracked 
|  67|0x0000000085700000, 0x0000000085700000, 0x0000000085800000|  0%| F|  |TAMS 0x0000000085700000| PB 0x0000000085700000| Untracked 
|  68|0x0000000085800000, 0x0000000085800000, 0x0000000085900000|  0%| F|  |TAMS 0x0000000085800000| PB 0x0000000085800000| Untracked 
|  69|0x0000000085900000, 0x0000000085900000, 0x0000000085a00000|  0%| F|  |TAMS 0x0000000085900000| PB 0x0000000085900000| Untracked 
|  70|0x0000000085a00000, 0x0000000085a00000, 0x0000000085b00000|  0%| F|  |TAMS 0x0000000085a00000| PB 0x0000000085a00000| Untracked 
|  71|0x0000000085b00000, 0x0000000085b00000, 0x0000000085c00000|  0%| F|  |TAMS 0x0000000085b00000| PB 0x0000000085b00000| Untracked 
|  72|0x0000000085c00000, 0x0000000085c00000, 0x0000000085d00000|  0%| F|  |TAMS 0x0000000085c00000| PB 0x0000000085c00000| Untracked 
|  73|0x0000000085d00000, 0x0000000085d00000, 0x0000000085e00000|  0%| F|  |TAMS 0x0000000085d00000| PB 0x0000000085d00000| Untracked 
|  74|0x0000000085e00000, 0x0000000085e00000, 0x0000000085f00000|  0%| F|  |TAMS 0x0000000085e00000| PB 0x0000000085e00000| Untracked 
|  75|0x0000000085f00000, 0x0000000085f00000, 0x0000000086000000|  0%| F|  |TAMS 0x0000000085f00000| PB 0x0000000085f00000| Untracked 
|  76|0x0000000086000000, 0x0000000086000000, 0x0000000086100000|  0%| F|  |TAMS 0x0000000086000000| PB 0x0000000086000000| Untracked 
|  77|0x0000000086100000, 0x0000000086100000, 0x0000000086200000|  0%| F|  |TAMS 0x0000000086100000| PB 0x0000000086100000| Untracked 
|  78|0x0000000086200000, 0x0000000086200000, 0x0000000086300000|  0%| F|  |TAMS 0x0000000086200000| PB 0x0000000086200000| Untracked 
|  79|0x0000000086300000, 0x0000000086300000, 0x0000000086400000|  0%| F|  |TAMS 0x0000000086300000| PB 0x0000000086300000| Untracked 
|  80|0x0000000086400000, 0x0000000086400000, 0x0000000086500000|  0%| F|  |TAMS 0x0000000086400000| PB 0x0000000086400000| Untracked 
|  81|0x0000000086500000, 0x0000000086500000, 0x0000000086600000|  0%| F|  |TAMS 0x0000000086500000| PB 0x0000000086500000| Untracked 
|  82|0x0000000086600000, 0x0000000086600000, 0x0000000086700000|  0%| F|  |TAMS 0x0000000086600000| PB 0x0000000086600000| Untracked 
|  83|0x0000000086700000, 0x0000000086700000, 0x0000000086800000|  0%| F|  |TAMS 0x0000000086700000| PB 0x0000000086700000| Untracked 
|  84|0x0000000086800000, 0x0000000086800000, 0x0000000086900000|  0%| F|  |TAMS 0x0000000086800000| PB 0x0000000086800000| Untracked 
|  85|0x0000000086900000, 0x0000000086900000, 0x0000000086a00000|  0%| F|  |TAMS 0x0000000086900000| PB 0x0000000086900000| Untracked 
|  86|0x0000000086a00000, 0x0000000086a00000, 0x0000000086b00000|  0%| F|  |TAMS 0x0000000086a00000| PB 0x0000000086a00000| Untracked 
|  87|0x0000000086b00000, 0x0000000086b00000, 0x0000000086c00000|  0%| F|  |TAMS 0x0000000086b00000| PB 0x0000000086b00000| Untracked 
|  88|0x0000000086c00000, 0x0000000086c00000, 0x0000000086d00000|  0%| F|  |TAMS 0x0000000086c00000| PB 0x0000000086c00000| Untracked 
|  89|0x0000000086d00000, 0x0000000086d00000, 0x0000000086e00000|  0%| F|  |TAMS 0x0000000086d00000| PB 0x0000000086d00000| Untracked 
|  90|0x0000000086e00000, 0x0000000086e00000, 0x0000000086f00000|  0%| F|  |TAMS 0x0000000086e00000| PB 0x0000000086e00000| Untracked 
|  91|0x0000000086f00000, 0x0000000086f00000, 0x0000000087000000|  0%| F|  |TAMS 0x0000000086f00000| PB 0x0000000086f00000| Untracked 
|  92|0x0000000087000000, 0x0000000087000000, 0x0000000087100000|  0%| F|  |TAMS 0x0000000087000000| PB 0x0000000087000000| Untracked 
|  93|0x0000000087100000, 0x0000000087100000, 0x0000000087200000|  0%| F|  |TAMS 0x0000000087100000| PB 0x0000000087100000| Untracked 
|  94|0x0000000087200000, 0x0000000087200000, 0x0000000087300000|  0%| F|  |TAMS 0x0000000087200000| PB 0x0000000087200000| Untracked 
|  95|0x0000000087300000, 0x0000000087300000, 0x0000000087400000|  0%| F|  |TAMS 0x0000000087300000| PB 0x0000000087300000| Untracked 
|  96|0x0000000087400000, 0x0000000087400000, 0x0000000087500000|  0%| F|  |TAMS 0x0000000087400000| PB 0x0000000087400000| Untracked 
|  97|0x0000000087500000, 0x0000000087500000, 0x0000000087600000|  0%| F|  |TAMS 0x0000000087500000| PB 0x0000000087500000| Untracked 
|  98|0x0000000087600000, 0x0000000087600000, 0x0000000087700000|  0%| F|  |TAMS 0x0000000087600000| PB 0x0000000087600000| Untracked 
|  99|0x0000000087700000, 0x0000000087700000, 0x0000000087800000|  0%| F|  |TAMS 0x0000000087700000| PB 0x0000000087700000| Untracked 
| 100|0x0000000087800000, 0x0000000087800000, 0x0000000087900000|  0%| F|  |TAMS 0x0000000087800000| PB 0x0000000087800000| Untracked 
| 101|0x0000000087900000, 0x0000000087900000, 0x0000000087a00000|  0%| F|  |TAMS 0x0000000087900000| PB 0x0000000087900000| Untracked 
| 102|0x0000000087a00000, 0x0000000087a00000, 0x0000000087b00000|  0%| F|  |TAMS 0x0000000087a00000| PB 0x0000000087a00000| Untracked 
| 103|0x0000000087b00000, 0x0000000087b00000, 0x0000000087c00000|  0%| F|  |TAMS 0x0000000087b00000| PB 0x0000000087b00000| Untracked 
| 104|0x0000000087c00000, 0x0000000087c00000, 0x0000000087d00000|  0%| F|  |TAMS 0x0000000087c00000| PB 0x0000000087c00000| Untracked 
| 105|0x0000000087d00000, 0x0000000087d00000, 0x0000000087e00000|  0%| F|  |TAMS 0x0000000087d00000| PB 0x0000000087d00000| Untracked 
| 106|0x0000000087e00000, 0x0000000087e00000, 0x0000000087f00000|  0%| F|  |TAMS 0x0000000087e00000| PB 0x0000000087e00000| Untracked 
| 107|0x0000000087f00000, 0x0000000087f00000, 0x0000000088000000|  0%| F|  |TAMS 0x0000000087f00000| PB 0x0000000087f00000| Untracked 
| 108|0x0000000088000000, 0x0000000088000000, 0x0000000088100000|  0%| F|  |TAMS 0x0000000088000000| PB 0x0000000088000000| Untracked 
| 109|0x0000000088100000, 0x0000000088100000, 0x0000000088200000|  0%| F|  |TAMS 0x0000000088100000| PB 0x0000000088100000| Untracked 
| 110|0x0000000088200000, 0x0000000088200000, 0x0000000088300000|  0%| F|  |TAMS 0x0000000088200000| PB 0x0000000088200000| Untracked 
| 111|0x0000000088300000, 0x0000000088300000, 0x0000000088400000|  0%| F|  |TAMS 0x0000000088300000| PB 0x0000000088300000| Untracked 
| 112|0x0000000088400000, 0x0000000088400000, 0x0000000088500000|  0%| F|  |TAMS 0x0000000088400000| PB 0x0000000088400000| Untracked 
| 113|0x0000000088500000, 0x0000000088600000, 0x0000000088600000|100%| S|CS|TAMS 0x0000000088500000| PB 0x0000000088500000| Complete 
| 114|0x0000000088600000, 0x0000000088700000, 0x0000000088700000|100%| S|CS|TAMS 0x0000000088600000| PB 0x0000000088600000| Complete 
| 115|0x0000000088700000, 0x0000000088700000, 0x0000000088800000|  0%| F|  |TAMS 0x0000000088700000| PB 0x0000000088700000| Untracked 
| 116|0x0000000088800000, 0x0000000088800000, 0x0000000088900000|  0%| F|  |TAMS 0x0000000088800000| PB 0x0000000088800000| Untracked 
| 117|0x0000000088900000, 0x0000000088900000, 0x0000000088a00000|  0%| F|  |TAMS 0x0000000088900000| PB 0x0000000088900000| Untracked 
| 118|0x0000000088a00000, 0x0000000088a00000, 0x0000000088b00000|  0%| F|  |TAMS 0x0000000088a00000| PB 0x0000000088a00000| Untracked 
| 119|0x0000000088b00000, 0x0000000088b00000, 0x0000000088c00000|  0%| F|  |TAMS 0x0000000088b00000| PB 0x0000000088b00000| Untracked 
| 120|0x0000000088c00000, 0x0000000088ca9050, 0x0000000088d00000| 66%| E|  |TAMS 0x0000000088c00000| PB 0x0000000088c00000| Complete 
| 121|0x0000000088d00000, 0x0000000088e00000, 0x0000000088e00000|100%| E|CS|TAMS 0x0000000088d00000| PB 0x0000000088d00000| Complete 
| 122|0x0000000088e00000, 0x0000000088f00000, 0x0000000088f00000|100%| E|CS|TAMS 0x0000000088e00000| PB 0x0000000088e00000| Complete 
| 123|0x0000000088f00000, 0x0000000089000000, 0x0000000089000000|100%| E|CS|TAMS 0x0000000088f00000| PB 0x0000000088f00000| Complete 
| 124|0x0000000089000000, 0x0000000089100000, 0x0000000089100000|100%| E|CS|TAMS 0x0000000089000000| PB 0x0000000089000000| Complete 
| 125|0x0000000089100000, 0x0000000089200000, 0x0000000089200000|100%| E|CS|TAMS 0x0000000089100000| PB 0x0000000089100000| Complete 
| 126|0x0000000089200000, 0x0000000089300000, 0x0000000089300000|100%| E|CS|TAMS 0x0000000089200000| PB 0x0000000089200000| Complete 
| 127|0x0000000089300000, 0x0000000089400000, 0x0000000089400000|100%| E|CS|TAMS 0x0000000089300000| PB 0x0000000089300000| Complete 

Card table byte_map: [0x000001e6c8300000,0x000001e6c8700000] _byte_map_base: 0x000001e6c7ef6000

Marking Bits: (CMBitMap*) 0x000001e6ba9ccf00
 Bits: [0x000001e6c8700000, 0x000001e6ca6b0000)

Polling page: 0x000001e6ba970000

Metaspace:

Usage:
  Non-class:     11.95 MB used.
      Class:      1.33 MB used.
       Both:     13.28 MB used.

Virtual space:
  Non-class space:       64.00 MB reserved,      12.06 MB ( 19%) committed,  1 nodes.
      Class space:        1.00 GB reserved,       1.38 MB ( <1%) committed,  1 nodes.
             Both:        1.06 GB reserved,      13.44 MB (  1%) committed. 

Chunk freelists:
   Non-Class:  3.91 MB
       Class:  14.50 MB
        Both:  18.40 MB

MaxMetaspaceSize: unlimited
CompressedClassSpaceSize: 1.00 GB
Initial GC threshold: 21.00 MB
Current GC threshold: 21.00 MB
CDS: off
 - commit_granule_bytes: 65536.
 - commit_granule_words: 8192.
 - virtual_space_node_default_size: 8388608.
 - enlarge_chunks_in_place: 1.
 - use_allocation_guard: 0.


Internal statistics:

num_allocs_failed_limit: 0.
num_arena_births: 128.
num_arena_deaths: 0.
num_vsnodes_births: 2.
num_vsnodes_deaths: 0.
num_space_committed: 215.
num_space_uncommitted: 0.
num_chunks_returned_to_freelist: 0.
num_chunks_taken_from_freelist: 340.
num_chunk_merges: 0.
num_chunk_splits: 185.
num_chunks_enlarged: 101.
num_inconsistent_stats: 0.

CodeCache: size=49152Kb used=3911Kb max_used=3911Kb free=45240Kb
 bounds [0x000001e6c4f00000, 0x000001e6c52e0000, 0x000001e6c7f00000]
 total_blobs=1519 nmethods=1079 adapters=363
 compilation: enabled
              stopped_count=0, restarted_count=0
 full_count=0

Compilation events (20 events):
Event: 1.228 Thread 0x000001e6d12c3df0 1068       1       org.springframework.boot.context.properties.source.ConfigurationPropertyName$ElementsParser::isValidChar (30 bytes)
Event: 1.228 Thread 0x000001e6cccd8310 1069       1       java.lang.Character::toLowerCase (6 bytes)
Event: 1.228 Thread 0x000001e6d12c3df0 nmethod 1068 0x000001e6c52ce610 code [0x000001e6c52ce7a0, 0x000001e6c52ce8d0]
Event: 1.228 Thread 0x000001e6d12c3df0 1070       1       java.lang.Character::toLowerCase (9 bytes)
Event: 1.228 Thread 0x000001e6cccd8310 nmethod 1069 0x000001e6c52ce990 code [0x000001e6c52ceb40, 0x000001e6c52cec48]
Event: 1.228 Thread 0x000001e6cccd8310 1071       1       org.springframework.boot.context.properties.source.ConfigurationPropertyName$Elements::charAt (49 bytes)
Event: 1.229 Thread 0x000001e6d12c3df0 nmethod 1070 0x000001e6c52ced10 code [0x000001e6c52ceec0, 0x000001e6c52cefc0]
Event: 1.229 Thread 0x000001e6d12c3df0 1072       1       org.springframework.boot.context.properties.source.ConfigurationPropertyName$ElementsParser::isAlphaNumeric (20 bytes)
Event: 1.229 Thread 0x000001e6cccd8310 nmethod 1071 0x000001e6c52cf090 code [0x000001e6c52cf260, 0x000001e6c52cf420]
Event: 1.229 Thread 0x000001e6d12c3df0 nmethod 1072 0x000001e6c52cf590 code [0x000001e6c52cf720, 0x000001e6c52cf830]
Event: 1.229 Thread 0x000001e6ccb30d50 nmethod 1067 0x000001e6c52cf890 code [0x000001e6c52cfa80, 0x000001e6c52cff48]
Event: 1.230 Thread 0x000001e6d12c3df0 1073       1       org.springframework.boot.context.properties.source.ConfigurationPropertyName$Elements::getType (7 bytes)
Event: 1.231 Thread 0x000001e6ccb30d50 1074       1       org.springframework.boot.context.properties.source.ConfigurationPropertyName::getNumberOfElements (8 bytes)
Event: 1.231 Thread 0x000001e6d12c3df0 nmethod 1073 0x000001e6c52d0090 code [0x000001e6c52d0220, 0x000001e6c52d0310]
Event: 1.231 Thread 0x000001e6cccd8310 1075       1       org.springframework.boot.context.properties.source.ConfigurationPropertyName$Elements::hashCode (88 bytes)
Event: 1.231 Thread 0x000001e6ccb30d50 nmethod 1074 0x000001e6c52d0410 code [0x000001e6c52d05a0, 0x000001e6c52d0670]
Event: 1.231 Thread 0x000001e6cccd8310 nmethod 1075 0x000001e6c52d0710 code [0x000001e6c52d0900, 0x000001e6c52d0c10]
Event: 1.232 Thread 0x000001e6cccd8310 1076       1       java.lang.invoke.MethodHandleNatives::findMethodHandleType (7 bytes)
Event: 1.232 Thread 0x000001e6cccd8310 nmethod 1076 0x000001e6c52d1190 code [0x000001e6c52d1340, 0x000001e6c52d1408]
Event: 1.233 Thread 0x000001e6cccd8310 1079       1       jdk.internal.org.objectweb.asm.Type::getDescriptor (93 bytes)

GC Heap History (2 events):
Event: 0.894 GC heap before
{Heap before GC invocations=0 (full 0):
 garbage-first heap   total 131072K, used 15360K [0x0000000081400000, 0x0000000100000000)
  region size 1024K, 13 young (13312K), 0 survivors (0K)
 Metaspace       used 10704K, committed 10944K, reserved 1114112K
  class space    used 994K, committed 1088K, reserved 1048576K
}
Event: 0.899 GC heap after
{Heap after GC invocations=1 (full 0):
 garbage-first heap   total 131072K, used 6661K [0x0000000081400000, 0x0000000100000000)
  region size 1024K, 2 young (2048K), 2 survivors (2048K)
 Metaspace       used 10704K, committed 10944K, reserved 1114112K
  class space    used 994K, committed 1088K, reserved 1048576K
}

Dll operation events (5 events):
Event: 0.014 Loaded shared library C:\Program Files\Java\jdk-21\bin\java.dll
Event: 0.239 Loaded shared library C:\Program Files\Java\jdk-21\bin\net.dll
Event: 0.242 Loaded shared library C:\Program Files\Java\jdk-21\bin\nio.dll
Event: 0.259 Loaded shared library C:\Program Files\Java\jdk-21\bin\zip.dll
Event: 0.457 Loaded shared library C:\Program Files\Java\jdk-21\bin\jimage.dll

Deoptimization events (0 events):
No events

Classes loaded (20 events):
Event: 1.190 Loading class java/lang/invoke/VarHandleBooleans$FieldInstanceReadOnly done
Event: 1.190 Loading class java/lang/invoke/VarHandleBooleans$FieldInstanceReadWrite done
Event: 1.190 Loading class jdk/internal/vm/ThreadContainers
Event: 1.190 Loading class jdk/internal/vm/ThreadContainers done
Event: 1.190 Loading class jdk/internal/vm/ThreadContainers$RootContainer$TrackingRootContainer
Event: 1.190 Loading class jdk/internal/vm/ThreadContainers$RootContainer
Event: 1.190 Loading class jdk/internal/vm/ThreadContainers$RootContainer done
Event: 1.190 Loading class jdk/internal/vm/ThreadContainers$RootContainer$TrackingRootContainer done
Event: 1.217 Loading class java/util/function/BiPredicate
Event: 1.217 Loading class java/util/function/BiPredicate done
Event: 1.223 Loading class java/time/Clock
Event: 1.223 Loading class java/time/InstantSource
Event: 1.223 Loading class java/time/InstantSource done
Event: 1.223 Loading class java/time/Clock done
Event: 1.225 Loading class java/util/function/UnaryOperator
Event: 1.226 Loading class java/util/function/UnaryOperator done
Event: 1.226 Loading class java/util/ConcurrentModificationException
Event: 1.226 Loading class java/util/ConcurrentModificationException done
Event: 1.226 Loading class java/util/concurrent/ConcurrentHashMap$KeySpliterator
Event: 1.226 Loading class java/util/concurrent/ConcurrentHashMap$KeySpliterator done

Classes unloaded (0 events):
No events

Classes redefined (0 events):
No events

Internal exceptions (19 events):
Event: 0.584 Thread 0x000001e6bca63890 Exception <a 'java/lang/NoSuchMethodError'{0x0000000088cf2f38}: 'java.lang.Object java.lang.invoke.Invokers$Holder.linkToTargetMethod(java.lang.Object, long, java.lang.Object, java.lang.Object)'> (0x0000000088cf2f38) 
thrown [s\open\src\hotspot\share\interpreter\linkResolver.cpp, line 773]
Event: 0.726 Thread 0x000001e6bca63890 Exception <a 'java/lang/NoSuchMethodError'{0x000000008894a900}: 'void java.lang.invoke.DirectMethodHandle$Holder.invokeStatic(java.lang.Object, java.lang.Object, java.lang.Object, java.lang.Object)'> (0x000000008894a900) 
thrown [s\open\src\hotspot\share\interpreter\linkResolver.cpp, line 773]
Event: 0.800 Thread 0x000001e6bca63890 Exception <a 'java/lang/NoSuchMethodError'{0x0000000088865b28}: 'int java.lang.invoke.DirectMethodHandle$Holder.invokeStaticInit(java.lang.Object, java.lang.Object)'> (0x0000000088865b28) 
thrown [s\open\src\hotspot\share\interpreter\linkResolver.cpp, line 773]
Event: 0.819 Thread 0x000001e6bca63890 Exception <a 'java/lang/NoSuchMethodError'{0x0000000088892bd0}: 'void java.lang.invoke.DirectMethodHandle$Holder.invokeInterface(java.lang.Object, java.lang.Object, java.lang.Object, java.lang.Object)'> (0x0000000088892bd0) 
thrown [s\open\src\hotspot\share\interpreter\linkResolver.cpp, line 773]
Event: 0.924 Thread 0x000001e6bca63890 Exception <a 'java/lang/NoSuchMethodError'{0x000000008937bef8}: 'java.lang.Object java.lang.invoke.DirectMethodHandle$Holder.invokeInterface(java.lang.Object, java.lang.Object)'> (0x000000008937bef8) 
thrown [s\open\src\hotspot\share\interpreter\linkResolver.cpp, line 773]
Event: 0.933 Thread 0x000001e6bca63890 Exception <a 'java/lang/NoSuchMethodError'{0x00000000893d0e10}: 'void java.lang.invoke.DirectMethodHandle$Holder.invokeStatic(java.lang.Object, java.lang.Object, java.lang.Object)'> (0x00000000893d0e10) 
thrown [s\open\src\hotspot\share\interpreter\linkResolver.cpp, line 773]
Event: 0.937 Thread 0x000001e6bca63890 Exception <a 'java/lang/NoSuchMethodError'{0x00000000893e59b0}: 'java.lang.Object java.lang.invoke.DirectMethodHandle$Holder.invokeSpecialIFC(java.lang.Object, java.lang.Object, java.lang.Object, java.lang.Object)'> (0x00000000893e59b0) 
thrown [s\open\src\hotspot\share\interpreter\linkResolver.cpp, line 773]
Event: 0.942 Thread 0x000001e6bca63890 Exception <a 'java/lang/NoSuchMethodError'{0x00000000893fe9c8}: 'java.lang.Object java.lang.invoke.DirectMethodHandle$Holder.invokeInterface(java.lang.Object, java.lang.Object, java.lang.Object)'> (0x00000000893fe9c8) 
thrown [s\open\src\hotspot\share\interpreter\linkResolver.cpp, line 773]
Event: 0.971 Thread 0x000001e6bca63890 Exception <a 'java/lang/NoSuchMethodError'{0x00000000892dc038}: 'int java.lang.invoke.DirectMethodHandle$Holder.invokeStaticInit(java.lang.Object, java.lang.Object, java.lang.Object)'> (0x00000000892dc038) 
thrown [s\open\src\hotspot\share\interpreter\linkResolver.cpp, line 773]
Event: 0.983 Thread 0x000001e6bca63890 Exception <a 'java/lang/NoSuchMethodError'{0x0000000089152c38}: 'java.lang.Object java.lang.invoke.DirectMethodHandle$Holder.newInvokeSpecial(java.lang.Object, java.lang.Object, java.lang.Object, java.lang.Object, java.lang.Object)'> (0x0000000089152c38) 
thrown [s\open\src\hotspot\share\interpreter\linkResolver.cpp, line 773]
Event: 0.994 Thread 0x000001e6bca63890 Exception <a 'java/lang/NoSuchMethodError'{0x00000000891a39d8}: 'java.lang.Object java.lang.invoke.DirectMethodHandle$Holder.invokeStaticInit(java.lang.Object, java.lang.Object, java.lang.Object)'> (0x00000000891a39d8) 
thrown [s\open\src\hotspot\share\interpreter\linkResolver.cpp, line 773]
Event: 1.038 Thread 0x000001e6bca63890 Exception <a 'java/lang/IncompatibleClassChangeError'{0x0000000089028af0}: Found class java.lang.Object, but interface was expected> (0x0000000089028af0) 
thrown [s\open\src\hotspot\share\interpreter\linkResolver.cpp, line 840]
Event: 1.072 Thread 0x000001e6bca63890 Exception <a 'sun/nio/fs/WindowsException'{0x00000000890c1e38}> (0x00000000890c1e38) 
thrown [s\open\src\hotspot\share\prims\jni.cpp, line 520]
Event: 1.112 Thread 0x000001e6bca63890 Exception <a 'java/lang/NoSuchMethodError'{0x0000000088fe3060}: 'java.lang.Object java.lang.invoke.Invokers$Holder.invokeExact_MT(java.lang.Object, java.lang.Object, java.lang.Object, java.lang.Object, java.lang.Object, java.lang.Object)'> (0x0000000088fe3060) 
thrown [s\open\src\hotspot\share\interpreter\linkResolver.cpp, line 773]
Event: 1.185 Thread 0x000001e6bca63890 Exception <a 'java/lang/NoSuchMethodError'{0x0000000088d875a8}: 'java.lang.Object java.lang.invoke.DirectMethodHandle$Holder.invokeStatic(java.lang.Object, long, java.lang.Object)'> (0x0000000088d875a8) 
thrown [s\open\src\hotspot\share\interpreter\linkResolver.cpp, line 773]
Event: 1.186 Thread 0x000001e6bca63890 Exception <a 'java/lang/NoSuchMethodError'{0x0000000088d8a960}: 'java.lang.Object java.lang.invoke.DirectMethodHandle$Holder.invokeStaticInit(java.lang.Object, long, java.lang.Object)'> (0x0000000088d8a960) 
thrown [s\open\src\hotspot\share\interpreter\linkResolver.cpp, line 773]
Event: 1.187 Thread 0x000001e6bca63890 Exception <a 'java/lang/NoSuchMethodError'{0x0000000088d8feb0}: 'java.lang.Object java.lang.invoke.DirectMethodHandle$Holder.newInvokeSpecial(java.lang.Object, long)'> (0x0000000088d8feb0) 
thrown [s\open\src\hotspot\share\interpreter\linkResolver.cpp, line 773]
Event: 1.218 Thread 0x000001e6bca63890 Exception <a 'java/lang/NoSuchMethodError'{0x0000000088c2d3b0}: 'int java.lang.invoke.DirectMethodHandle$Holder.invokeSpecial(java.lang.Object, java.lang.Object, java.lang.Object)'> (0x0000000088c2d3b0) 
thrown [s\open\src\hotspot\share\interpreter\linkResolver.cpp, line 773]
Event: 1.222 Thread 0x000001e6bca63890 Exception <a 'java/lang/NoSuchMethodError'{0x0000000088c42850}: 'void java.lang.invoke.DirectMethodHandle$Holder.invokeStaticInit(java.lang.Object)'> (0x0000000088c42850) 
thrown [s\open\src\hotspot\share\interpreter\linkResolver.cpp, line 773]

ZGC Phase Switch (0 events):
No events

VM Operations (14 events):
Event: 0.262 Executing VM operation: HandshakeAllThreads (Deoptimize)
Event: 0.262 Executing VM operation: HandshakeAllThreads (Deoptimize) done
Event: 0.385 Executing VM operation: HandshakeAllThreads (Deoptimize)
Event: 0.385 Executing VM operation: HandshakeAllThreads (Deoptimize) done
Event: 0.508 Executing VM operation: HandshakeAllThreads (Deoptimize)
Event: 0.508 Executing VM operation: HandshakeAllThreads (Deoptimize) done
Event: 0.894 Executing VM operation: G1CollectForAllocation (G1 Evacuation Pause)
Event: 0.899 Executing VM operation: G1CollectForAllocation (G1 Evacuation Pause) done
Event: 0.918 Executing VM operation: HandshakeAllThreads (Deoptimize)
Event: 0.918 Executing VM operation: HandshakeAllThreads (Deoptimize) done
Event: 1.073 Executing VM operation: HandshakeAllThreads (Deoptimize)
Event: 1.073 Executing VM operation: HandshakeAllThreads (Deoptimize) done
Event: 1.089 Executing VM operation: HandshakeAllThreads (Deoptimize)
Event: 1.089 Executing VM operation: HandshakeAllThreads (Deoptimize) done

Events (12 events):
Event: 0.033 Thread 0x000001e6bca63890 Thread added: 0x000001e6bca63890
Event: 0.096 Thread 0x000001e6ccb418a0 Thread added: 0x000001e6ccb418a0
Event: 0.096 Thread 0x000001e6ccb29aa0 Thread added: 0x000001e6ccb29aa0
Event: 0.098 Thread 0x000001e6ccb37ee0 Thread added: 0x000001e6ccb37ee0
Event: 0.098 Thread 0x000001e6ccb2b580 Thread added: 0x000001e6ccb2b580
Event: 0.098 Thread 0x000001e6ccb2bf40 Thread added: 0x000001e6ccb2bf40
Event: 0.098 Thread 0x000001e6ccb55fe0 Thread added: 0x000001e6ccb55fe0
Event: 0.098 Thread 0x000001e6ccb30d50 Thread added: 0x000001e6ccb30d50
Event: 0.216 Thread 0x000001e6ccccbf00 Thread added: 0x000001e6ccccbf00
Event: 0.221 Thread 0x000001e6cccc8a80 Thread added: 0x000001e6cccc8a80
Event: 0.247 Thread 0x000001e6cccd8310 Thread added: 0x000001e6cccd8310
Event: 0.624 Thread 0x000001e6d12c3df0 Thread added: 0x000001e6d12c3df0


Dynamic libraries:
0x00007ff72d550000 - 0x00007ff72d560000 	C:\Program Files\Java\jdk-21\bin\java.exe
0x00007ff967af0000 - 0x00007ff967ce8000 	C:\WINDOWS\SYSTEM32\ntdll.dll
0x00007ff966c90000 - 0x00007ff966d52000 	C:\WINDOWS\System32\KERNEL32.DLL
0x00007ff965810000 - 0x00007ff965b07000 	C:\WINDOWS\System32\KERNELBASE.dll
0x00007ff9652f0000 - 0x00007ff9653f0000 	C:\WINDOWS\System32\ucrtbase.dll
0x00007ff91e040000 - 0x00007ff91e05b000 	C:\Program Files\Java\jdk-21\bin\VCRUNTIME140.dll
0x00007ff91cb30000 - 0x00007ff91cb49000 	C:\Program Files\Java\jdk-21\bin\jli.dll
0x00007ff9668e0000 - 0x00007ff966991000 	C:\WINDOWS\System32\ADVAPI32.dll
0x00007ff966ec0000 - 0x00007ff966f5e000 	C:\WINDOWS\System32\msvcrt.dll
0x00007ff967110000 - 0x00007ff9671af000 	C:\WINDOWS\System32\sechost.dll
0x00007ff9669a0000 - 0x00007ff966ac6000 	C:\WINDOWS\System32\RPCRT4.dll
0x00007ff9653f0000 - 0x00007ff965417000 	C:\WINDOWS\System32\bcrypt.dll
0x00007ff967540000 - 0x00007ff9676dd000 	C:\WINDOWS\System32\USER32.dll
0x00007ff965180000 - 0x00007ff9651a2000 	C:\WINDOWS\System32\win32u.dll
0x00007ff9671b0000 - 0x00007ff9671db000 	C:\WINDOWS\System32\GDI32.dll
0x00007ff965620000 - 0x00007ff965739000 	C:\WINDOWS\System32\gdi32full.dll
0x00007ff965580000 - 0x00007ff96561d000 	C:\WINDOWS\System32\msvcp_win.dll
0x00007ff9521c0000 - 0x00007ff95245a000 	C:\WINDOWS\WinSxS\amd64_microsoft.windows.common-controls_6595b64144ccf1df_6.0.19041.5915_none_60b4b9d171f9c7c7\COMCTL32.dll
0x00007ff9568a0000 - 0x00007ff9568aa000 	C:\WINDOWS\SYSTEM32\VERSION.dll
0x00007ff967800000 - 0x00007ff96782f000 	C:\WINDOWS\System32\IMM32.DLL
0x00007ff926370000 - 0x00007ff92637c000 	C:\Program Files\Java\jdk-21\bin\vcruntime140_1.dll
0x00007ff91caa0000 - 0x00007ff91cb2e000 	C:\Program Files\Java\jdk-21\bin\msvcp140.dll
0x00007ff8db560000 - 0x00007ff8dc27d000 	C:\Program Files\Java\jdk-21\bin\server\jvm.dll
0x00007ff966e50000 - 0x00007ff966ebb000 	C:\WINDOWS\System32\WS2_32.dll
0x00007ff964690000 - 0x00007ff9646db000 	C:\WINDOWS\SYSTEM32\POWRPROF.dll
0x00007ff952150000 - 0x00007ff952177000 	C:\WINDOWS\SYSTEM32\WINMM.dll
0x00007ff964550000 - 0x00007ff964562000 	C:\WINDOWS\SYSTEM32\UMPDC.dll
0x00007ff963960000 - 0x00007ff963972000 	C:\WINDOWS\SYSTEM32\kernel.appcore.dll
0x00007ff926340000 - 0x00007ff92634a000 	C:\Program Files\Java\jdk-21\bin\jimage.dll
0x00007ff962f70000 - 0x00007ff963171000 	C:\WINDOWS\SYSTEM32\DBGHELP.DLL
0x00007ff9524f0000 - 0x00007ff952524000 	C:\WINDOWS\SYSTEM32\dbgcore.DLL
0x00007ff965260000 - 0x00007ff9652e2000 	C:\WINDOWS\System32\bcryptPrimitives.dll
0x00007ff91ca80000 - 0x00007ff91ca9f000 	C:\Program Files\Java\jdk-21\bin\java.dll
0x00007ff966170000 - 0x00007ff9668de000 	C:\WINDOWS\System32\SHELL32.dll
0x00007ff9631a0000 - 0x00007ff963944000 	C:\WINDOWS\SYSTEM32\windows.storage.dll
0x00007ff9671e0000 - 0x00007ff967533000 	C:\WINDOWS\System32\combase.dll
0x00007ff964bb0000 - 0x00007ff964bdb000 	C:\WINDOWS\SYSTEM32\Wldp.dll
0x00007ff9679e0000 - 0x00007ff967aad000 	C:\WINDOWS\System32\OLEAUT32.dll
0x00007ff967740000 - 0x00007ff9677ed000 	C:\WINDOWS\System32\SHCORE.dll
0x00007ff965b10000 - 0x00007ff965b6b000 	C:\WINDOWS\System32\shlwapi.dll
0x00007ff9650b0000 - 0x00007ff9650d4000 	C:\WINDOWS\SYSTEM32\profapi.dll
0x00007ff923fa0000 - 0x00007ff923fb0000 	C:\Program Files\Java\jdk-21\bin\net.dll
0x00007ff95a910000 - 0x00007ff95aa1a000 	C:\WINDOWS\SYSTEM32\WINHTTP.dll
0x00007ff9648f0000 - 0x00007ff96495a000 	C:\WINDOWS\system32\mswsock.dll
0x00007ff9169c0000 - 0x00007ff9169d6000 	C:\Program Files\Java\jdk-21\bin\nio.dll
0x00007ff914600000 - 0x00007ff914618000 	C:\Program Files\Java\jdk-21\bin\zip.dll

dbghelp: loaded successfully - version: 4.0.5 - missing functions: none
symbol engine: initialized successfully - sym options: 0x614 - pdb path: .;C:\Program Files\Java\jdk-21\bin;C:\WINDOWS\SYSTEM32;C:\WINDOWS\WinSxS\amd64_microsoft.windows.common-controls_6595b64144ccf1df_6.0.19041.5915_none_60b4b9d171f9c7c7;C:\Program Files\Java\jdk-21\bin\server

VM Arguments:
jvm_args: -XX:TieredStopAtLevel=1 
java_command: com.example.anomalyapi.AnomalyApiApplication
java_class_path (initial): C:\Users\Vaggelis\anomaly-api\target\classes;C:\Users\Vaggelis\.m2\repository\org\springframework\boot\spring-boot\3.5.5\spring-boot-3.5.5.jar;C:\Users\Vaggelis\.m2\repository\org\springframework\boot\spring-boot-autoconfigure\3.5.5\spring-boot-autoconfigure-3.5.5.jar;C:\Users\Vaggelis\.m2\repository\ch\qos\logback\logback-classic\1.5.18\logback-classic-1.5.18.jar;C:\Users\Vaggelis\.m2\repository\ch\qos\logback\logback-core\1.5.18\logback-core-1.5.18.jar;C:\Users\Vaggelis\.m2\repository\org\apache\logging\log4j\log4j-to-slf4j\2.24.3\log4j-to-slf4j-2.24.3.jar;C:\Users\Vaggelis\.m2\repository\org\apache\logging\log4j\log4j-api\2.24.3\log4j-api-2.24.3.jar;C:\Users\Vaggelis\.m2\repository\org\slf4j\jul-to-slf4j\2.0.17\jul-to-slf4j-2.0.17.jar;C:\Users\Vaggelis\.m2\repository\jakarta\annotation\jakarta.annotation-api\2.1.1\jakarta.annotation-api-2.1.1.jar;C:\Users\Vaggelis\.m2\repository\org\yaml\snakeyaml\2.4\snakeyaml-2.4.jar;C:\Users\Vaggelis\.m2\repository\com\fasterxml\jackson\core\jackson-databind\2.19.2\jackson-databind-2.19.2.jar;C:\Users\Vaggelis\.m2\repository\com\fasterxml\jackson\core\jackson-annotations\2.19.2\jackson-annotations-2.19.2.jar;C:\Users\Vaggelis\.m2\repository\com\fasterxml\jackson\core\jackson-core\2.19.2\jackson-core-2.19.2.jar;C:\Users\Vaggelis\.m2\repository\com\fasterxml\jackson\datatype\jackson-datatype-jdk8\2.19.2\jackson-datatype-jdk8-2.19.2.jar;C:\Users\Vaggelis\.m2\repository\com\fasterxml\jackson\datatype\jackson-datatype-jsr310\2.19.2\jackson-datatype-jsr310-2.19.2.jar;C:\Users\Vaggelis\.m2\repository\com\fasterxml\jackson\module\jackson-module-parameter-names\2.19.2\jackson-module-parameter-names-2.19.2.jar;C:\Users\Vaggelis\.m2\repository\org\apache\tomcat\embed\tomcat-embed-core\10.1.44\tomcat-embed-core-10.1.44.jar;C:\Users\Vaggelis\.m2\repository\org\apache\tomcat\embed\tomcat-embed-el\10.1.44\tomcat-embed-el-10.1.44.jar;C:\Users\Vaggelis\.m2\repository\org\apache\tomcat\embed\tomcat-embed-websocket\10.1.44\tomcat-embed-websocket-10.1.44.jar;C:\Users\Vaggelis\.m2\repository\org\springframework\spring-web\6.2.10\spring-web-6.2.10.jar;C:\Users\Vaggelis\.m2\repository\org\springframework\spring-beans\6.2.10\spring-beans-6.2.10.jar;C:\Users\Vaggelis\.m2\repository\io\micrometer\micrometer-observation\1.15.3\micrometer-observation-1.15.3.jar;C:\Users\Vaggelis\.m2\repository\io\micrometer\micrometer-commons\1.15.3\micrometer-commons-1.15.3.jar;C:\Users\Vaggelis\.m2\repository\org\springframework\spring-webmvc\6.2.10\spring-webmvc-6.2.10.jar;C:\Users\Vaggelis\.m2\repository\org\springframework\spring-aop\6.2.10\spring-aop-6.2.10.jar;C:\Users\Vaggelis\.m2\repository\org\springframework\spring-context\6.2.10\spring-context-6.2.10.jar;C:\Users\Vaggelis\.m2\repository\org\springframework\spring-expression\6.2.10\spring-expression-6.2.10.jar;C:\Users\Vaggelis\.m2\repository\org\slf4j\slf4j-api\2.0.17\slf4j-api-2.0.17.jar;C:\Users\Vaggelis\.m2\repository\jakarta\xml\bind\jakarta.xml.bind-api\4.0.2\jakarta.xml.bind-api-4.0.2.jar;C:\Users\Vaggelis\.m2\repository\jakarta\activation\jakarta.activation-api\2.1.3\jakarta.activation-api-2.1.3.jar;C:\Users\Vaggelis\.m2\repository\net\bytebuddy\byte-buddy\1.17.7\byte-buddy-1.17.7.jar;C:\Users\Vaggelis\.m2\repository\org\springframework\spring-core\6.2.10\spring-core-6.2.10.jar;C:\Users\Vaggelis\.m2\repository\org\springframework\spring-jcl\6.2.10\spring-jcl-6.2.10.jar;C:\Users\Vaggelis\.m2\repository\com\zaxxer\HikariCP\6.3.2\HikariCP-6.3.2.jar;C:\Users\Vaggelis\.m2\repository\org\springframework\spring-jdbc\6.2.10\spring-jdbc-6.2.10.jar;C:\Users\Vaggelis\.m2\repository\org\hibernate\orm\hibernate-core\6.6.26.Final\hibernate-core-6.6.26.Final.jar;C:\Users\Vaggelis\.m2\repository\jakarta\persistence\jakarta.persistence-api\3.1.0\jakarta.persistence-api-3.1.0.jar;C:\Users\Vaggelis\.m2\repository\jakarta\transaction\jakarta.transaction-api\2.0.1\jakarta.transaction-api-2.0.1.jar;C:\Users\Vaggelis\.m2\repository\org\jboss\logging\jboss-logging\3.6.1.Final\jboss-logging-3.6.1.Final.jar;C:\Users\Vaggelis\.m2\repository\org\hibernate\common\hibernate-commons-annotations\7.0.3.Final\hibernate-commons-annotations-7.0.3.Final.jar;C:\Users\Vaggelis\.m2\repository\io\smallrye\jandex\3.2.0\jandex-3.2.0.jar;C:\Users\Vaggelis\.m2\repository\com\fasterxml\classmate\1.7.0\classmate-1.7.0.jar;C:\Users\Vaggelis\.m2\repository\org\glassfish\jaxb\jaxb-runtime\4.0.5\jaxb-runtime-4.0.5.jar;C:\Users\Vaggelis\.m2\repository\org\glassfish\jaxb\jaxb-core\4.0.5\jaxb-core-4.0.5.jar;C:\Users\Vaggelis\.m2\repository\org\eclipse\angus\angus-activation\2.0.2\angus-activation-2.0.2.jar;C:\Users\Vaggelis\.m2\repository\org\glassfish\jaxb\txw2\4.0.5\txw2-4.0.5.jar;C:\Users\Vaggelis\.m2\repository\com\sun\istack\istack-commons-runtime\4.1.2\istack-commons-runtime-4.1.2.jar;C:\Users\Vaggelis\.m2\repository\jakarta\inject\jakarta.inject-api\2.0.1\jakarta.inject-api-2.0.1.jar;C:\Users\Vaggelis\.m2\repository\org\antlr\antlr4-runtime\4.13.0\antlr4-runtime-4.13.0.jar;C:\Users\Vaggelis\.m2\repository\org\springframework\data\spring-data-jpa\3.5.3\spring-data-jpa-3.5.3.jar;C:\Users\Vaggelis\.m2\repository\org\springframework\data\spring-data-commons\3.5.3\spring-data-commons-3.5.3.jar;C:\Users\Vaggelis\.m2\repository\org\springframework\spring-orm\6.2.10\spring-orm-6.2.10.jar;C:\Users\Vaggelis\.m2\repository\org\springframework\spring-tx\6.2.10\spring-tx-6.2.10.jar;C:\Users\Vaggelis\.m2\repository\org\springframework\spring-aspects\6.2.10\spring-aspects-6.2.10.jar;C:\Users\Vaggelis\.m2\repository\org\aspectj\aspectjweaver\1.9.24\aspectjweaver-1.9.24.jar;C:\Users\Vaggelis\.m2\repository\org\postgresql\postgresql\42.7.7\postgresql-42.7.7.jar;C:\Users\Vaggelis\.m2\repository\org\checkerframework\checker-qual\3.49.3\checker-qual-3.49.3.jar
Launcher Type: SUN_STANDARD

[Global flags]
     intx CICompilerCount                          = 3                                         {product} {ergonomic}
     uint ConcGCThreads                            = 1                                         {product} {ergonomic}
     uint G1ConcRefinementThreads                  = 4                                         {product} {ergonomic}
   size_t G1HeapRegionSize                         = 1048576                                   {product} {ergonomic}
    uintx GCDrainStackTargetSize                   = 64                                        {product} {ergonomic}
   size_t InitialHeapSize                          = 134217728                                 {product} {ergonomic}
   size_t MarkStackSize                            = 4194304                                   {product} {ergonomic}
   size_t MaxHeapSize                              = 2126512128                                {product} {ergonomic}
   size_t MaxNewSize                               = 1275068416                                {product} {ergonomic}
   size_t MinHeapDeltaBytes                        = 1048576                                   {product} {ergonomic}
   size_t MinHeapSize                              = 8388608                                   {product} {ergonomic}
    uintx NonNMethodCodeHeapSize                   = 4096                                   {pd product} {ergonomic}
    uintx NonProfiledCodeHeapSize                  = 0                                      {pd product} {ergonomic}
     bool ProfileInterpreter                       = false                                  {pd product} {command line}
    uintx ProfiledCodeHeapSize                     = 0                                      {pd product} {ergonomic}
   size_t SoftMaxHeapSize                          = 2126512128                             {manageable} {ergonomic}
     intx TieredStopAtLevel                        = 1                                         {product} {command line}
     bool UseCompressedOops                        = true                           {product lp64_product} {ergonomic}
     bool UseG1GC                                  = true                                      {product} {ergonomic}
     bool UseLargePagesIndividualAllocation        = false                                  {pd product} {ergonomic}

Logging:
Log output configuration:
 #0: stdout all=warning uptime,level,tags foldmultilines=false
 #1: stderr all=off uptime,level,tags foldmultilines=false

Environment Variables:
PATH=C:\Program Files\Common Files\Oracle\Java\javapath;C:\Program Files\Rockwell Software\RSCommon;C:\Program Files (x86)\Intel\Intel(R) Management Engine Components\iCLS\;C:\Program Files\Intel\Intel(R) Management Engine Components\iCLS\;C:\WINDOWS\system32;C:\WINDOWS;C:\WINDOWS\System32\Wbem;C:\WINDOWS\System32\WindowsPowerShell\v1.0\;C:\Program Files\MATLAB\MATLAB Production Server\R2015a\runtime\win64;C:\Program Files\MATLAB\MATLAB Production Server\R2015a\bin;C:\Program Files\MATLAB\MATLAB Production Server\R2015a\polyspace\bin;C:\WINDOWS\System32\OpenSSH\;C:\Program Files (x86)\Intel\Intel(R) Management Engine Components\DAL;C:\Program Files\Intel\Intel(R) Management Engine Components\DAL;C:\Program Files\Git\cmd;C:\Users\spring-boot-cli\spring-355\bin;;C:\Program Files\Docker\Docker\resources\bin;C:\Anacoda;C:\Anacoda\Library\mingw-w64\bin;C:\Anacoda\Library\usr\bin;C:\Anacoda\Library\bin;C:\Anacoda\Scripts;C:\Python\Python38\Scripts\;C:\Python\Python38\;C:\Users\Vaggelis\AppData\Local\Microsoft\WindowsApps;C:\Users\Vaggelis\AppData\Local\Programs\Microsoft VS Code\bin
USERNAME=Vaggelis
OS=Windows_NT
PROCESSOR_IDENTIFIER=Intel64 Family 6 Model 142 Stepping 9, GenuineIntel
TMP=C:\Users\Vaggelis\AppData\Local\Temp
TEMP=C:\Users\Vaggelis\AppData\Local\Temp




Periodic native trim disabled

---------------  S Y S T E M  ---------------

OS:
 Windows 10 , 64 bit Build 19041 (10.0.19041.5915)
OS uptime: 0 days 2:05 hours
Hyper-V role detected

CPU: total 4 (initial active 4) (2 cores per cpu, 2 threads per core) family 6 model 142 stepping 9 microcode 0xb4, cx8, cmov, fxsr, ht, mmx, 3dnowpref, sse, sse2, sse3, ssse3, sse4.1, sse4.2, popcnt, lzcnt, tsc, tscinvbit, avx, avx2, aes, erms, clmul, bmi1, bmi2, adx, fma, vzeroupper, clflush, clflushopt, hv, rdtscp, f16c
Processor Information for all 4 processors :
  Max Mhz: 2701, Current Mhz: 2600, Mhz Limit: 2592

Memory: 4k page, system-wide physical 8108M (1347M free)
TotalPageFile size 10566M (AvailPageFile size 1M)
current process WorkingSet (physical memory assigned to process): 63M, peak: 63M
current process commit charge ("private bytes"): 207M, peak: 207M

vm_info: Java HotSpot(TM) 64-Bit Server VM (21.0.8+12-LTS-250) for windows-amd64 JRE (21.0.8+12-LTS-250), built on 2025-06-27T08:11:22Z by "mach5one" with MS VC++ 17.6 (VS2022)

END.
